2019-12-15T08:06:22+00:00 rotemb271-Latitude-7490#04 I: Start test list_suite:3:(#;#T   ;asjdfasdkjsadjhka
2019-12-15T08:06:22+00:00 rotemb271-Latitude-7490#04 I: ).
2019-12-15T08:06:22+00:00 rotemb271-Latitude-7490#04 E: Test list_suite:3:(#;#T   ;asjdfasdkjsadjhka
2019-12-15T08:06:22+00:00 rotemb271-Latitude-7490#04 E: ) exited with an error.
2019-12-15T08:06:22+00:00 rotemb271-Latitude-7490#04 E: PC.X_no_match in test list_suite:3:(#;#T   ;asjdfasdkjsadjhka
2019-12-15T08:06:22+00:00 rotemb271-Latitude-7490#04 E: ).
2019-12-15T08:06:22+00:00 rotemb271-Latitude-7490#04 E: Raised at file "./pc.ml", line 75, characters 22-32
2019-12-15T08:06:22+00:00 rotemb271-Latitude-7490#04 E: Called from file "./pc.ml", line 53, characters 16-23
2019-12-15T08:06:22+00:00 rotemb271-Latitude-7490#04 E: Called from file "./pc.ml", line 57, characters 15-21
2019-12-15T08:06:22+00:00 rotemb271-Latitude-7490#04 E: Called from file "./pc.ml", line 52, characters 16-23
2019-12-15T08:06:22+00:00 rotemb271-Latitude-7490#04 E: Called from file "./pc.ml", line 57, characters 15-21
2019-12-15T08:06:22+00:00 rotemb271-Latitude-7490#04 E: Called from file "./reader.ml", line 160, characters 15-19
2019-12-15T08:06:22+00:00 rotemb271-Latitude-7490#04 E: Called from file "./pc.ml", line 52, characters 16-23
2019-12-15T08:06:22+00:00 rotemb271-Latitude-7490#04 E: Called from file "./reader.ml", line 422, characters 31-57
2019-12-15T08:06:22+00:00 rotemb271-Latitude-7490#04 E: Called from file "./test_reader.ml", line 112, characters 10-61
2019-12-15T08:06:22+00:00 rotemb271-Latitude-7490#04 E: Called from file "src/oUnitRunner.ml", line 46, characters 13-26
2019-12-15T08:06:22+00:00 rotemb271-Latitude-7490#04 E: 
2019-12-15T08:06:22+00:00 rotemb271-Latitude-7490#04 I: End test list_suite:3:(#;#T   ;asjdfasdkjsadjhka
2019-12-15T08:06:22+00:00 rotemb271-Latitude-7490#04 I: ).
2019-12-15T08:06:22+00:00 rotemb271-Latitude-7490#04 I: Start test list_suite:5:(a         b #;#t c).
2019-12-15T08:06:22+00:00 rotemb271-Latitude-7490#04 I: Test list_suite:5:(a         b #;#t c) is successful.
2019-12-15T08:06:22+00:00 rotemb271-Latitude-7490#04 I: End test list_suite:5:(a         b #;#t c).
