2019-11-22T14:28:05+00:00 rotemb271-Latitude-7490#01 I: Start test string_suite:0:moshe.
2019-11-22T14:28:05+00:00 rotemb271-Latitude-7490#01 I: Test string_suite:0:moshe is successful.
2019-11-22T14:28:05+00:00 rotemb271-Latitude-7490#01 I: End test string_suite:0:moshe.
2019-11-22T14:28:05+00:00 rotemb271-Latitude-7490#01 I: Start test string_suite:4:with meta ci.
2019-11-22T14:28:05+00:00 rotemb271-Latitude-7490#01 I: Test string_suite:4:with meta ci is successful.
2019-11-22T14:28:05+00:00 rotemb271-Latitude-7490#01 I: End test string_suite:4:with meta ci.
2019-11-22T14:28:05+00:00 rotemb271-Latitude-7490#01 I: Start test string_suite:8:with nested sexpr comments.
2019-11-22T14:28:05+00:00 rotemb271-Latitude-7490#01 E: Test string_suite:8:with nested sexpr comments exited with an error.
2019-11-22T14:28:05+00:00 rotemb271-Latitude-7490#01 E: Reader.PC.X_no_match in test string_suite:8:with nested sexpr comments.
2019-11-22T14:28:05+00:00 rotemb271-Latitude-7490#01 E: Raised at file "./pc.ml", line 75, characters 22-32
2019-11-22T14:28:05+00:00 rotemb271-Latitude-7490#01 E: Called from file "./pc.ml", line 53, characters 17-22
2019-11-22T14:28:05+00:00 rotemb271-Latitude-7490#01 E: Called from file "./pc.ml", line 57, characters 16-20
2019-11-22T14:28:05+00:00 rotemb271-Latitude-7490#01 E: Called from file "./pc.ml", line 52, characters 17-22
2019-11-22T14:28:05+00:00 rotemb271-Latitude-7490#01 E: Called from file "./pc.ml", line 57, characters 16-20
2019-11-22T14:28:05+00:00 rotemb271-Latitude-7490#01 E: Called from file "./pc.ml", line 52, characters 17-22
2019-11-22T14:28:05+00:00 rotemb271-Latitude-7490#01 E: Called from file "./pc.ml", line 57, characters 16-20
2019-11-22T14:28:05+00:00 rotemb271-Latitude-7490#01 E: Called from file "reader.ml", line 163, characters 21-53
2019-11-22T14:28:05+00:00 rotemb271-Latitude-7490#01 E: Called from file "test.ml", line 100, characters 86-136
2019-11-22T14:28:05+00:00 rotemb271-Latitude-7490#01 E: Called from file "src/oUnitRunner.ml", line 46, characters 13-26
2019-11-22T14:28:05+00:00 rotemb271-Latitude-7490#01 E: 
2019-11-22T14:28:05+00:00 rotemb271-Latitude-7490#01 I: End test string_suite:8:with nested sexpr comments.
