2019-12-14T20:21:56+00:00 alon#00 I: Runner: processes
2019-12-14T20:21:56+00:00 alon#00 I: Chooser: simple
2019-12-14T20:21:56+00:00 alon#00 I: Configuration suite_name = "less simple suite"
2019-12-14T20:21:56+00:00 alon#00 I: Configuration cache_filename = "/home/a_braverman/Desktop/Uni/Compy/our_compiler/oUnit-$(suite_name).cache"
2019-12-14T20:21:56+00:00 alon#00 I: Configuration display = "true"
2019-12-14T20:21:56+00:00 alon#00 I: Configuration results_style_1_X = "false"
2019-12-14T20:21:56+00:00 alon#00 I: Configuration verbose = "false"
2019-12-14T20:21:56+00:00 alon#00 I: Configuration health_check_interval = "1."
2019-12-14T20:21:56+00:00 alon#00 I: Configuration testdata_dir = "none"
2019-12-14T20:21:56+00:00 alon#00 I: Configuration chooser = "simple"
2019-12-14T20:21:56+00:00 alon#00 I: Configuration output_html_dir = "none"
2019-12-14T20:21:56+00:00 alon#00 I: Configuration processes_kill_period = "5."
2019-12-14T20:21:56+00:00 alon#00 I: Configuration runner = "processes"
2019-12-14T20:21:56+00:00 alon#00 I: Configuration shards = "4"
2019-12-14T20:21:56+00:00 alon#00 I: Configuration processes_grace_period = "5."
2019-12-14T20:21:56+00:00 alon#00 I: Configuration log_encoding = "utf-8"
2019-12-14T20:21:56+00:00 alon#00 I: Configuration output_junit_file = "none"
2019-12-14T20:21:56+00:00 alon#00 I: Configuration output_file = "/home/a_braverman/Desktop/Uni/Compy/our_compiler/oUnit-$(suite_name)-$(shard_id).log"
2019-12-14T20:21:56+00:00 alon#00 I: Using 4 workers maximum.
2019-12-14T20:21:56+00:00 alon#00 I: Starting worker number alon#01.
2019-12-14T20:21:56+00:00 alon#00 I: Worker alon#01 started.
2019-12-14T20:21:56+00:00 alon#00 I: Starting worker number alon#02.
2019-12-14T20:21:56+00:00 alon#00 I: Worker alon#02 started.
2019-12-14T20:21:56+00:00 alon#00 I: Starting worker number alon#03.
2019-12-14T20:21:56+00:00 alon#00 I: Worker alon#03 started.
2019-12-14T20:21:56+00:00 alon#00 I: Starting worker number alon#04.
2019-12-14T20:21:56+00:00 alon#00 I: Worker alon#04 started.
2019-12-14T20:21:56+00:00 alon#00 I: 4 tests running: less simple suite:3:(lambda (x . y) x), less simple suite:2:1.(a), less simple suite:1:tag ref, less simple suite:0:tagged def special case.
2019-12-14T20:21:56+00:00 alon#01 I: Start test less simple suite:0:tagged def special case.
2019-12-14T20:21:56+00:00 alon#02 I: Start test less simple suite:1:tag ref.
2019-12-14T20:21:56+00:00 alon#03 I: Start test less simple suite:2:1.(a).
2019-12-14T20:21:56+00:00 alon#00 I: 4 tests running: less simple suite:3:(lambda (x . y) x), less simple suite:2:1.(a), less simple suite:1:tag ref, less simple suite:0:tagged def special case.
2019-12-14T20:21:56+00:00 alon#01 I: Test less simple suite:0:tagged def special case is successful.
2019-12-14T20:21:56+00:00 alon#04 I: Start test less simple suite:3:(lambda (x . y) x).
2019-12-14T20:21:56+00:00 alon#00 I: 4 tests running: less simple suite:3:(lambda (x . y) x), less simple suite:2:1.(a), less simple suite:1:tag ref, less simple suite:0:tagged def special case.
2019-12-14T20:21:56+00:00 alon#01 I: End test less simple suite:0:tagged def special case.
2019-12-14T20:21:56+00:00 alon#02 I: Test less simple suite:1:tag ref is successful.
2019-12-14T20:21:56+00:00 alon#00 I: 4 tests running: less simple suite:3:(lambda (x . y) x), less simple suite:2:1.(a), less simple suite:1:tag ref, less simple suite:0:tagged def special case.
2019-12-14T20:21:56+00:00 alon#02 I: End test less simple suite:1:tag ref.
2019-12-14T20:21:56+00:00 alon#00 I: Still 4 tests running : less simple suite:4:(lambda () x), less simple suite:3:(lambda (x . y) x), less simple suite:2:1.(a), less simple suite:1:tag ref.
2019-12-14T20:21:56+00:00 alon#00 I: 4 tests running: less simple suite:4:(lambda () x), less simple suite:3:(lambda (x . y) x), less simple suite:2:1.(a), less simple suite:1:tag ref.
2019-12-14T20:21:56+00:00 alon#01 I: Start test less simple suite:4:(lambda () x).
2019-12-14T20:21:56+00:00 alon#00 I: Still 3 tests running : less simple suite:4:(lambda () x), less simple suite:3:(lambda (x . y) x), less simple suite:2:1.(a).
2019-12-14T20:21:56+00:00 alon#00 I: 3 tests running: less simple suite:4:(lambda () x), less simple suite:3:(lambda (x . y) x), less simple suite:2:1.(a).
2019-12-14T20:21:56+00:00 alon#03 I: Test less simple suite:2:1.(a) is successful.
2019-12-14T20:21:56+00:00 alon#00 I: Still 3 tests running : less simple suite:4:(lambda () x), less simple suite:3:(lambda (x . y) x), less simple suite:2:1.(a).
2019-12-14T20:21:56+00:00 alon#00 I: 3 tests running: less simple suite:4:(lambda () x), less simple suite:3:(lambda (x . y) x), less simple suite:2:1.(a).
2019-12-14T20:21:56+00:00 alon#03 I: End test less simple suite:2:1.(a).
2019-12-14T20:21:56+00:00 alon#00 I: Still 3 tests running : less simple suite:4:(lambda () x), less simple suite:3:(lambda (x . y) x), less simple suite:2:1.(a).
2019-12-14T20:21:56+00:00 alon#00 I: 3 tests running: less simple suite:4:(lambda () x), less simple suite:3:(lambda (x . y) x), less simple suite:2:1.(a).
2019-12-14T20:21:56+00:00 alon#00 I: Still 2 tests running : less simple suite:4:(lambda () x), less simple suite:3:(lambda (x . y) x).
2019-12-14T20:21:56+00:00 alon#00 I: 2 tests running: less simple suite:4:(lambda () x), less simple suite:3:(lambda (x . y) x).
2019-12-14T20:21:56+00:00 alon#04 I: Test less simple suite:3:(lambda (x . y) x) is successful.
2019-12-14T20:21:56+00:00 alon#00 I: Still 2 tests running : less simple suite:4:(lambda () x), less simple suite:3:(lambda (x . y) x).
2019-12-14T20:21:56+00:00 alon#00 I: 2 tests running: less simple suite:4:(lambda () x), less simple suite:3:(lambda (x . y) x).
2019-12-14T20:21:56+00:00 alon#04 I: End test less simple suite:3:(lambda (x . y) x).
2019-12-14T20:21:56+00:00 alon#00 I: Still 2 tests running : less simple suite:4:(lambda () x), less simple suite:3:(lambda (x . y) x).
2019-12-14T20:21:56+00:00 alon#00 I: 2 tests running: less simple suite:4:(lambda () x), less simple suite:3:(lambda (x . y) x).
2019-12-14T20:21:56+00:00 alon#00 I: Still 1 tests running : less simple suite:4:(lambda () x).
2019-12-14T20:21:56+00:00 alon#00 I: 1 tests running: less simple suite:4:(lambda () x).
2019-12-14T20:21:56+00:00 alon#01 I: Test less simple suite:4:(lambda () x) is successful.
2019-12-14T20:21:56+00:00 alon#00 I: Still 1 tests running : less simple suite:4:(lambda () x).
2019-12-14T20:21:56+00:00 alon#00 I: 1 tests running: less simple suite:4:(lambda () x).
2019-12-14T20:21:56+00:00 alon#01 I: End test less simple suite:4:(lambda () x).
2019-12-14T20:21:56+00:00 alon#00 I: Still 1 tests running : less simple suite:4:(lambda () x).
2019-12-14T20:21:56+00:00 alon#00 I: 1 tests running: less simple suite:4:(lambda () x).
2019-12-14T20:21:56+00:00 alon#00 I: 0 tests running: .
2019-12-14T20:21:56+00:00 alon#00 I: Worker alon#02 has ended.
2019-12-14T20:21:56+00:00 alon#00 I: Worker alon#03 has ended.
2019-12-14T20:21:56+00:00 alon#00 I: Worker alon#04 has ended.
2019-12-14T20:21:56+00:00 alon#00 I: Worker alon#01 has ended.
2019-12-14T20:21:56+00:00 alon#00 I: Used 4 worker during test execution.
2019-12-14T20:21:56+00:00 alon#00 I: Run 2 tests with shard alon#01.
2019-12-14T20:21:56+00:00 alon#00 I: Run 1 tests with shard alon#03.
2019-12-14T20:21:56+00:00 alon#00 I: Run 1 tests with shard alon#04.
2019-12-14T20:21:56+00:00 alon#00 I: Run 1 tests with shard alon#02.
2019-12-14T20:21:56+00:00 alon#00 I: ==============
2019-12-14T20:21:56+00:00 alon#00 I: Summary:
2019-12-14T20:21:56+00:00 alon#00 I: Test less simple suite:4:(lambda () x) is successful.
2019-12-14T20:21:56+00:00 alon#00 I: Test less simple suite:3:(lambda (x . y) x) is successful.
2019-12-14T20:21:56+00:00 alon#00 I: Test less simple suite:2:1.(a) is successful.
2019-12-14T20:21:56+00:00 alon#00 I: Test less simple suite:1:tag ref is successful.
2019-12-14T20:21:56+00:00 alon#00 I: Test less simple suite:0:tagged def special case is successful.
2019-12-14T20:21:56+00:00 alon#00 I: Ran: 5 tests in: 0.11 seconds.
2019-12-14T20:21:56+00:00 alon#00 I: Cases: 5.
2019-12-14T20:21:56+00:00 alon#00 I: Tried: 5.
2019-12-14T20:21:56+00:00 alon#00 I: Errors: 0.
2019-12-14T20:21:56+00:00 alon#00 I: Failures: 0.
2019-12-14T20:21:56+00:00 alon#00 I: Skip: 0.
2019-12-14T20:21:56+00:00 alon#00 I: Todo: 0.
2019-12-14T20:21:56+00:00 alon#00 I: Timeout: 0.
