2019-12-22T16:09:43+00:00 se142row3-4_lnx#00 I: Runner: processes
2019-12-22T16:09:43+00:00 se142row3-4_lnx#00 I: Chooser: simple
2019-12-22T16:09:43+00:00 se142row3-4_lnx#00 I: Configuration suite_name = "number suite"
2019-12-22T16:09:43+00:00 se142row3-4_lnx#00 I: Configuration cache_filename = "/users/studs/bsc/2019/alonbrav/our_compiler/oUnit-$(suite_name).cache"
2019-12-22T16:09:43+00:00 se142row3-4_lnx#00 I: Configuration display = "true"
2019-12-22T16:09:43+00:00 se142row3-4_lnx#00 I: Configuration results_style_1_X = "false"
2019-12-22T16:09:43+00:00 se142row3-4_lnx#00 I: Configuration verbose = "false"
2019-12-22T16:09:43+00:00 se142row3-4_lnx#00 I: Configuration health_check_interval = "1."
2019-12-22T16:09:43+00:00 se142row3-4_lnx#00 I: Configuration testdata_dir = "none"
2019-12-22T16:09:43+00:00 se142row3-4_lnx#00 I: Configuration chooser = "simple"
2019-12-22T16:09:43+00:00 se142row3-4_lnx#00 I: Configuration output_html_dir = "none"
2019-12-22T16:09:43+00:00 se142row3-4_lnx#00 I: Configuration processes_kill_period = "5."
2019-12-22T16:09:43+00:00 se142row3-4_lnx#00 I: Configuration runner = "processes"
2019-12-22T16:09:43+00:00 se142row3-4_lnx#00 I: Configuration shards = "6"
2019-12-22T16:09:43+00:00 se142row3-4_lnx#00 I: Configuration processes_grace_period = "5."
2019-12-22T16:09:43+00:00 se142row3-4_lnx#00 I: Configuration log_encoding = "utf-8"
2019-12-22T16:09:43+00:00 se142row3-4_lnx#00 I: Configuration output_junit_file = "none"
2019-12-22T16:09:43+00:00 se142row3-4_lnx#00 I: Configuration output_file = "/users/studs/bsc/2019/alonbrav/our_compiler/oUnit-$(suite_name)-$(shard_id).log"
2019-12-22T16:09:43+00:00 se142row3-4_lnx#00 I: Using 6 workers maximum.
2019-12-22T16:09:43+00:00 se142row3-4_lnx#00 I: Starting worker number se142row3-4_lnx#01.
2019-12-22T16:09:43+00:00 se142row3-4_lnx#00 I: Worker se142row3-4_lnx#01 started.
2019-12-22T16:09:43+00:00 se142row3-4_lnx#00 I: Starting worker number se142row3-4_lnx#02.
2019-12-22T16:09:43+00:00 se142row3-4_lnx#00 I: Worker se142row3-4_lnx#02 started.
2019-12-22T16:09:43+00:00 se142row3-4_lnx#00 I: Starting worker number se142row3-4_lnx#03.
2019-12-22T16:09:43+00:00 se142row3-4_lnx#00 I: Worker se142row3-4_lnx#03 started.
2019-12-22T16:09:43+00:00 se142row3-4_lnx#00 I: Starting worker number se142row3-4_lnx#04.
2019-12-22T16:09:43+00:00 se142row3-4_lnx#00 I: Worker se142row3-4_lnx#04 started.
2019-12-22T16:09:43+00:00 se142row3-4_lnx#00 I: Starting worker number se142row3-4_lnx#05.
2019-12-22T16:09:43+00:00 se142row3-4_lnx#00 I: Worker se142row3-4_lnx#05 started.
2019-12-22T16:09:43+00:00 se142row3-4_lnx#00 I: Starting worker number se142row3-4_lnx#06.
2019-12-22T16:09:43+00:00 se142row3-4_lnx#00 I: Worker se142row3-4_lnx#06 started.
2019-12-22T16:09:43+00:00 se142row3-4_lnx#00 I: 6 tests running: number suite:5:-01234, number suite:4:01234, number suite:3:1234, number suite:2:-1, number suite:1:+1, number suite:0:1.
2019-12-22T16:09:43+00:00 se142row3-4_lnx#01 I: Start test number suite:0:1.
2019-12-22T16:09:43+00:00 se142row3-4_lnx#02 I: Start test number suite:1:+1.
2019-12-22T16:09:43+00:00 se142row3-4_lnx#03 I: Start test number suite:2:-1.
2019-12-22T16:09:43+00:00 se142row3-4_lnx#00 I: 6 tests running: number suite:5:-01234, number suite:4:01234, number suite:3:1234, number suite:2:-1, number suite:1:+1, number suite:0:1.
2019-12-22T16:09:43+00:00 se142row3-4_lnx#01 I: Test number suite:0:1 is successful.
2019-12-22T16:09:43+00:00 se142row3-4_lnx#00 I: 6 tests running: number suite:5:-01234, number suite:4:01234, number suite:3:1234, number suite:2:-1, number suite:1:+1, number suite:0:1.
2019-12-22T16:09:43+00:00 se142row3-4_lnx#01 I: End test number suite:0:1.
2019-12-22T16:09:43+00:00 se142row3-4_lnx#00 I: 6 tests running: number suite:5:-01234, number suite:4:01234, number suite:3:1234, number suite:2:-1, number suite:1:+1, number suite:0:1.
2019-12-22T16:09:43+00:00 se142row3-4_lnx#00 I: 6 tests running: number suite:6:+01234, number suite:5:-01234, number suite:4:01234, number suite:3:1234, number suite:2:-1, number suite:1:+1.
2019-12-22T16:09:43+00:00 se142row3-4_lnx#02 I: Test number suite:1:+1 is successful.
2019-12-22T16:09:43+00:00 se142row3-4_lnx#01 I: Start test number suite:6:+01234.
2019-12-22T16:09:43+00:00 se142row3-4_lnx#00 I: 6 tests running: number suite:6:+01234, number suite:5:-01234, number suite:4:01234, number suite:3:1234, number suite:2:-1, number suite:1:+1.
2019-12-22T16:09:43+00:00 se142row3-4_lnx#02 I: End test number suite:1:+1.
2019-12-22T16:09:43+00:00 se142row3-4_lnx#05 I: Start test number suite:4:01234.
2019-12-22T16:09:43+00:00 se142row3-4_lnx#00 I: 6 tests running: number suite:6:+01234, number suite:5:-01234, number suite:4:01234, number suite:3:1234, number suite:2:-1, number suite:1:+1.
2019-12-22T16:09:43+00:00 se142row3-4_lnx#00 I: 6 tests running: number suite:7:-0, number suite:6:+01234, number suite:5:-01234, number suite:4:01234, number suite:3:1234, number suite:2:-1.
2019-12-22T16:09:43+00:00 se142row3-4_lnx#02 I: Start test number suite:7:-0.
2019-12-22T16:09:43+00:00 se142row3-4_lnx#00 I: 6 tests running: number suite:7:-0, number suite:6:+01234, number suite:5:-01234, number suite:4:01234, number suite:3:1234, number suite:2:-1.
2019-12-22T16:09:43+00:00 se142row3-4_lnx#03 I: Test number suite:2:-1 is successful.
2019-12-22T16:09:43+00:00 se142row3-4_lnx#00 I: 6 tests running: number suite:7:-0, number suite:6:+01234, number suite:5:-01234, number suite:4:01234, number suite:3:1234, number suite:2:-1.
2019-12-22T16:09:43+00:00 se142row3-4_lnx#03 I: End test number suite:2:-1.
2019-12-22T16:09:43+00:00 se142row3-4_lnx#00 I: 6 tests running: number suite:7:-0, number suite:6:+01234, number suite:5:-01234, number suite:4:01234, number suite:3:1234, number suite:2:-1.
2019-12-22T16:09:43+00:00 se142row3-4_lnx#00 I: 6 tests running: number suite:8:0005.0129, number suite:7:-0, number suite:6:+01234, number suite:5:-01234, number suite:4:01234, number suite:3:1234.
2019-12-22T16:09:43+00:00 se142row3-4_lnx#03 I: Start test number suite:8:0005.0129.
2019-12-22T16:09:43+00:00 se142row3-4_lnx#00 I: 6 tests running: number suite:8:0005.0129, number suite:7:-0, number suite:6:+01234, number suite:5:-01234, number suite:4:01234, number suite:3:1234.
2019-12-22T16:09:43+00:00 se142row3-4_lnx#01 I: Test number suite:6:+01234 is successful.
2019-12-22T16:09:43+00:00 se142row3-4_lnx#00 I: 6 tests running: number suite:8:0005.0129, number suite:7:-0, number suite:6:+01234, number suite:5:-01234, number suite:4:01234, number suite:3:1234.
2019-12-22T16:09:43+00:00 se142row3-4_lnx#05 I: Test number suite:4:01234 is successful.
2019-12-22T16:09:43+00:00 se142row3-4_lnx#00 I: 6 tests running: number suite:8:0005.0129, number suite:7:-0, number suite:6:+01234, number suite:5:-01234, number suite:4:01234, number suite:3:1234.
2019-12-22T16:09:43+00:00 se142row3-4_lnx#05 I: End test number suite:4:01234.
2019-12-22T16:09:43+00:00 se142row3-4_lnx#00 I: 6 tests running: number suite:8:0005.0129, number suite:7:-0, number suite:6:+01234, number suite:5:-01234, number suite:4:01234, number suite:3:1234.
2019-12-22T16:09:43+00:00 se142row3-4_lnx#01 I: End test number suite:6:+01234.
2019-12-22T16:09:43+00:00 se142row3-4_lnx#02 I: Test number suite:7:-0 is successful.
2019-12-22T16:09:43+00:00 se142row3-4_lnx#00 I: 6 tests running: number suite:9:501.100000000000000000000, number suite:8:0005.0129, number suite:7:-0, number suite:6:+01234, number suite:5:-01234, number suite:3:1234.
2019-12-22T16:09:43+00:00 se142row3-4_lnx#02 I: End test number suite:7:-0.
2019-12-22T16:09:43+00:00 se142row3-4_lnx#05 I: Start test number suite:9:501.100000000000000000000.
2019-12-22T16:09:43+00:00 se142row3-4_lnx#00 I: 6 tests running: number suite:10:-0.0, number suite:9:501.100000000000000000000, number suite:8:0005.0129, number suite:7:-0, number suite:5:-01234, number suite:3:1234.
2019-12-22T16:09:43+00:00 se142row3-4_lnx#01 I: Start test number suite:10:-0.0.
2019-12-22T16:09:43+00:00 se142row3-4_lnx#00 I: 6 tests running: number suite:11:+999.12349999999, number suite:10:-0.0, number suite:9:501.100000000000000000000, number suite:8:0005.0129, number suite:5:-01234, number suite:3:1234.
2019-12-22T16:09:43+00:00 se142row3-4_lnx#06 I: Start test number suite:5:-01234.
2019-12-22T16:09:43+00:00 se142row3-4_lnx#03 I: Test number suite:8:0005.0129 is successful.
2019-12-22T16:09:43+00:00 se142row3-4_lnx#02 I: Start test number suite:11:+999.12349999999.
2019-12-22T16:09:43+00:00 se142row3-4_lnx#00 I: 6 tests running: number suite:11:+999.12349999999, number suite:10:-0.0, number suite:9:501.100000000000000000000, number suite:8:0005.0129, number suite:5:-01234, number suite:3:1234.
2019-12-22T16:09:43+00:00 se142row3-4_lnx#03 I: End test number suite:8:0005.0129.
2019-12-22T16:09:43+00:00 se142row3-4_lnx#00 I: 6 tests running: number suite:11:+999.12349999999, number suite:10:-0.0, number suite:9:501.100000000000000000000, number suite:8:0005.0129, number suite:5:-01234, number suite:3:1234.
2019-12-22T16:09:43+00:00 se142row3-4_lnx#00 I: 6 tests running: number suite:12:1e1, number suite:11:+999.12349999999, number suite:10:-0.0, number suite:9:501.100000000000000000000, number suite:5:-01234, number suite:3:1234.
2019-12-22T16:09:43+00:00 se142row3-4_lnx#04 I: Start test number suite:3:1234.
2019-12-22T16:09:43+00:00 se142row3-4_lnx#06 I: Test number suite:5:-01234 is successful.
2019-12-22T16:09:43+00:00 se142row3-4_lnx#05 I: Test number suite:9:501.100000000000000000000 is successful.
2019-12-22T16:09:43+00:00 se142row3-4_lnx#02 I: Test number suite:11:+999.12349999999 is successful.
2019-12-22T16:09:43+00:00 se142row3-4_lnx#03 I: Start test number suite:12:1e1.
2019-12-22T16:09:43+00:00 se142row3-4_lnx#00 I: 6 tests running: number suite:12:1e1, number suite:11:+999.12349999999, number suite:10:-0.0, number suite:9:501.100000000000000000000, number suite:5:-01234, number suite:3:1234.
2019-12-22T16:09:43+00:00 se142row3-4_lnx#04 I: Test number suite:3:1234 is successful.
2019-12-22T16:09:43+00:00 se142row3-4_lnx#06 I: End test number suite:5:-01234.
2019-12-22T16:09:43+00:00 se142row3-4_lnx#05 I: End test number suite:9:501.100000000000000000000.
2019-12-22T16:09:43+00:00 se142row3-4_lnx#01 I: Test number suite:10:-0.0 is successful.
2019-12-22T16:09:43+00:00 se142row3-4_lnx#02 I: End test number suite:11:+999.12349999999.
2019-12-22T16:09:43+00:00 se142row3-4_lnx#03 I: Test number suite:12:1e1 is successful.
2019-12-22T16:09:43+00:00 se142row3-4_lnx#00 I: 6 tests running: number suite:12:1e1, number suite:11:+999.12349999999, number suite:10:-0.0, number suite:9:501.100000000000000000000, number suite:5:-01234, number suite:3:1234.
2019-12-22T16:09:43+00:00 se142row3-4_lnx#04 I: End test number suite:3:1234.
2019-12-22T16:09:43+00:00 se142row3-4_lnx#01 I: End test number suite:10:-0.0.
2019-12-22T16:09:43+00:00 se142row3-4_lnx#03 I: End test number suite:12:1e1.
2019-12-22T16:09:43+00:00 se142row3-4_lnx#00 I: 6 tests running: number suite:15:3.14e+9, number suite:14:10e-1, number suite:13:1E+1, number suite:12:1e1, number suite:10:-0.0, number suite:3:1234.
2019-12-22T16:09:43+00:00 se142row3-4_lnx#02 I: Start test number suite:13:1E+1.
2019-12-22T16:09:43+00:00 se142row3-4_lnx#05 I: Start test number suite:14:10e-1.
2019-12-22T16:09:43+00:00 se142row3-4_lnx#00 I: 6 tests running: number suite:18:-5.000000000e-2, number suite:17:+000000012.3E00000002, number suite:16:3.14E-512, number suite:15:3.14e+9, number suite:14:10e-1, number suite:13:1E+1.
2019-12-22T16:09:43+00:00 se142row3-4_lnx#03 I: Start test number suite:16:3.14E-512.
2019-12-22T16:09:43+00:00 se142row3-4_lnx#01 I: Start test number suite:17:+000000012.3E00000002.
2019-12-22T16:09:43+00:00 se142row3-4_lnx#00 I: 6 tests running: number suite:18:-5.000000000e-2, number suite:17:+000000012.3E00000002, number suite:16:3.14E-512, number suite:15:3.14e+9, number suite:14:10e-1, number suite:13:1E+1.
2019-12-22T16:09:43+00:00 se142row3-4_lnx#04 I: Start test number suite:18:-5.000000000e-2.
2019-12-22T16:09:43+00:00 se142row3-4_lnx#00 I: 6 tests running: number suite:18:-5.000000000e-2, number suite:17:+000000012.3E00000002, number suite:16:3.14E-512, number suite:15:3.14e+9, number suite:14:10e-1, number suite:13:1E+1.
2019-12-22T16:09:43+00:00 se142row3-4_lnx#06 I: Start test number suite:15:3.14e+9.
2019-12-22T16:09:43+00:00 se142row3-4_lnx#00 I: 6 tests running: number suite:18:-5.000000000e-2, number suite:17:+000000012.3E00000002, number suite:16:3.14E-512, number suite:15:3.14e+9, number suite:14:10e-1, number suite:13:1E+1.
2019-12-22T16:09:43+00:00 se142row3-4_lnx#02 I: Test number suite:13:1E+1 is successful.
2019-12-22T16:09:43+00:00 se142row3-4_lnx#05 I: Test number suite:14:10e-1 is successful.
2019-12-22T16:09:43+00:00 se142row3-4_lnx#00 I: 6 tests running: number suite:18:-5.000000000e-2, number suite:17:+000000012.3E00000002, number suite:16:3.14E-512, number suite:15:3.14e+9, number suite:14:10e-1, number suite:13:1E+1.
2019-12-22T16:09:43+00:00 se142row3-4_lnx#05 I: End test number suite:14:10e-1.
2019-12-22T16:09:43+00:00 se142row3-4_lnx#03 I: Test number suite:16:3.14E-512 is successful.
2019-12-22T16:09:43+00:00 se142row3-4_lnx#00 I: 6 tests running: number suite:18:-5.000000000e-2, number suite:17:+000000012.3E00000002, number suite:16:3.14E-512, number suite:15:3.14e+9, number suite:14:10e-1, number suite:13:1E+1.
2019-12-22T16:09:43+00:00 se142row3-4_lnx#03 I: End test number suite:16:3.14E-512.
2019-12-22T16:09:43+00:00 se142row3-4_lnx#01 I: Test number suite:17:+000000012.3E00000002 is successful.
2019-12-22T16:09:43+00:00 se142row3-4_lnx#00 I: 6 tests running: number suite:19:#-1r1, number suite:18:-5.000000000e-2, number suite:17:+000000012.3E00000002, number suite:16:3.14E-512, number suite:15:3.14e+9, number suite:13:1E+1.
2019-12-22T16:09:43+00:00 se142row3-4_lnx#01 I: End test number suite:17:+000000012.3E00000002.
2019-12-22T16:09:43+00:00 se142row3-4_lnx#05 I: Start test number suite:19:#-1r1.
2019-12-22T16:09:43+00:00 se142row3-4_lnx#00 I: 6 tests running: number suite:20:#36rZZ, number suite:19:#-1r1, number suite:18:-5.000000000e-2, number suite:17:+000000012.3E00000002, number suite:15:3.14e+9, number suite:13:1E+1.
2019-12-22T16:09:43+00:00 se142row3-4_lnx#03 I: Start test number suite:20:#36rZZ.
2019-12-22T16:09:43+00:00 se142row3-4_lnx#00 I: 6 tests running: number suite:21:#16R11.8a, number suite:20:#36rZZ, number suite:19:#-1r1, number suite:18:-5.000000000e-2, number suite:15:3.14e+9, number suite:13:1E+1.
2019-12-22T16:09:43+00:00 se142row3-4_lnx#01 I: Start test number suite:21:#16R11.8a.
2019-12-22T16:09:43+00:00 se142row3-4_lnx#00 I: 6 tests running: number suite:21:#16R11.8a, number suite:20:#36rZZ, number suite:19:#-1r1, number suite:18:-5.000000000e-2, number suite:15:3.14e+9, number suite:13:1E+1.
2019-12-22T16:09:43+00:00 se142row3-4_lnx#02 I: End test number suite:13:1E+1.
2019-12-22T16:09:43+00:00 se142row3-4_lnx#00 I: 6 tests running: number suite:21:#16R11.8a, number suite:20:#36rZZ, number suite:19:#-1r1, number suite:18:-5.000000000e-2, number suite:15:3.14e+9, number suite:13:1E+1.
2019-12-22T16:09:43+00:00 se142row3-4_lnx#00 I: 6 tests running: number suite:22:#2r-1101, number suite:21:#16R11.8a, number suite:20:#36rZZ, number suite:19:#-1r1, number suite:18:-5.000000000e-2, number suite:15:3.14e+9.
2019-12-22T16:09:43+00:00 se142row3-4_lnx#02 I: Start test number suite:22:#2r-1101.
2019-12-22T16:09:43+00:00 se142row3-4_lnx#00 I: 6 tests running: number suite:22:#2r-1101, number suite:21:#16R11.8a, number suite:20:#36rZZ, number suite:19:#-1r1, number suite:18:-5.000000000e-2, number suite:15:3.14e+9.
2019-12-22T16:09:43+00:00 se142row3-4_lnx#05 I: Test number suite:19:#-1r1 is successful.
2019-12-22T16:09:43+00:00 se142row3-4_lnx#00 I: 6 tests running: number suite:22:#2r-1101, number suite:21:#16R11.8a, number suite:20:#36rZZ, number suite:19:#-1r1, number suite:18:-5.000000000e-2, number suite:15:3.14e+9.
2019-12-22T16:09:43+00:00 se142row3-4_lnx#04 I: Test number suite:18:-5.000000000e-2 is successful.
2019-12-22T16:09:43+00:00 se142row3-4_lnx#03 I: Test number suite:20:#36rZZ is successful.
2019-12-22T16:09:43+00:00 se142row3-4_lnx#00 I: 6 tests running: number suite:22:#2r-1101, number suite:21:#16R11.8a, number suite:20:#36rZZ, number suite:19:#-1r1, number suite:18:-5.000000000e-2, number suite:15:3.14e+9.
2019-12-22T16:09:43+00:00 se142row3-4_lnx#04 I: End test number suite:18:-5.000000000e-2.
2019-12-22T16:09:43+00:00 se142row3-4_lnx#03 I: End test number suite:20:#36rZZ.
2019-12-22T16:09:43+00:00 se142row3-4_lnx#00 I: 6 tests running: number suite:22:#2r-1101, number suite:21:#16R11.8a, number suite:20:#36rZZ, number suite:19:#-1r1, number suite:18:-5.000000000e-2, number suite:15:3.14e+9.
2019-12-22T16:09:43+00:00 se142row3-4_lnx#06 I: Test number suite:15:3.14e+9 is successful.
2019-12-22T16:09:43+00:00 se142row3-4_lnx#00 I: 6 tests running: number suite:24:#calc_mant 16 8a, number suite:23:#calc_no_mant 2 1101, number suite:22:#2r-1101, number suite:21:#16R11.8a, number suite:19:#-1r1, number suite:15:3.14e+9.
2019-12-22T16:09:43+00:00 se142row3-4_lnx#06 I: End test number suite:15:3.14e+9.
2019-12-22T16:09:43+00:00 se142row3-4_lnx#02 I: Test number suite:22:#2r-1101 is successful.
2019-12-22T16:09:43+00:00 se142row3-4_lnx#03 I: Start test number suite:23:#calc_no_mant 2 1101.
2019-12-22T16:09:43+00:00 se142row3-4_lnx#04 I: Start test number suite:24:#calc_mant 16 8a.
2019-12-22T16:09:43+00:00 se142row3-4_lnx#00 I: 6 tests running: number suite:24:#calc_mant 16 8a, number suite:23:#calc_no_mant 2 1101, number suite:22:#2r-1101, number suite:21:#16R11.8a, number suite:19:#-1r1, number suite:15:3.14e+9.
2019-12-22T16:09:43+00:00 se142row3-4_lnx#01 I: Test number suite:21:#16R11.8a is successful.
2019-12-22T16:09:43+00:00 se142row3-4_lnx#02 I: End test number suite:22:#2r-1101.
2019-12-22T16:09:43+00:00 se142row3-4_lnx#00 I: Still 6 tests running : number suite:25:#calc_mant 10 12, number suite:24:#calc_mant 16 8a, number suite:23:#calc_no_mant 2 1101, number suite:22:#2r-1101, number suite:21:#16R11.8a, number suite:19:#-1r1.
2019-12-22T16:09:43+00:00 se142row3-4_lnx#00 I: 6 tests running: number suite:25:#calc_mant 10 12, number suite:24:#calc_mant 16 8a, number suite:23:#calc_no_mant 2 1101, number suite:22:#2r-1101, number suite:21:#16R11.8a, number suite:19:#-1r1.
2019-12-22T16:09:43+00:00 se142row3-4_lnx#01 I: End test number suite:21:#16R11.8a.
2019-12-22T16:09:43+00:00 se142row3-4_lnx#06 I: Start test number suite:25:#calc_mant 10 12.
2019-12-22T16:09:43+00:00 se142row3-4_lnx#00 I: Still 5 tests running : number suite:25:#calc_mant 10 12, number suite:24:#calc_mant 16 8a, number suite:23:#calc_no_mant 2 1101, number suite:21:#16R11.8a, number suite:19:#-1r1.
2019-12-22T16:09:43+00:00 se142row3-4_lnx#00 I: 5 tests running: number suite:25:#calc_mant 10 12, number suite:24:#calc_mant 16 8a, number suite:23:#calc_no_mant 2 1101, number suite:21:#16R11.8a, number suite:19:#-1r1.
2019-12-22T16:09:43+00:00 se142row3-4_lnx#00 I: Still 4 tests running : number suite:25:#calc_mant 10 12, number suite:24:#calc_mant 16 8a, number suite:23:#calc_no_mant 2 1101, number suite:19:#-1r1.
2019-12-22T16:09:43+00:00 se142row3-4_lnx#00 I: 4 tests running: number suite:25:#calc_mant 10 12, number suite:24:#calc_mant 16 8a, number suite:23:#calc_no_mant 2 1101, number suite:19:#-1r1.
2019-12-22T16:09:43+00:00 se142row3-4_lnx#05 I: End test number suite:19:#-1r1.
2019-12-22T16:09:43+00:00 se142row3-4_lnx#00 I: Still 4 tests running : number suite:25:#calc_mant 10 12, number suite:24:#calc_mant 16 8a, number suite:23:#calc_no_mant 2 1101, number suite:19:#-1r1.
2019-12-22T16:09:43+00:00 se142row3-4_lnx#00 I: 4 tests running: number suite:25:#calc_mant 10 12, number suite:24:#calc_mant 16 8a, number suite:23:#calc_no_mant 2 1101, number suite:19:#-1r1.
2019-12-22T16:09:43+00:00 se142row3-4_lnx#00 I: Still 3 tests running : number suite:25:#calc_mant 10 12, number suite:24:#calc_mant 16 8a, number suite:23:#calc_no_mant 2 1101.
2019-12-22T16:09:43+00:00 se142row3-4_lnx#00 I: 3 tests running: number suite:25:#calc_mant 10 12, number suite:24:#calc_mant 16 8a, number suite:23:#calc_no_mant 2 1101.
2019-12-22T16:09:43+00:00 se142row3-4_lnx#03 I: Test number suite:23:#calc_no_mant 2 1101 is successful.
2019-12-22T16:09:43+00:00 se142row3-4_lnx#04 I: Test number suite:24:#calc_mant 16 8a is successful.
2019-12-22T16:09:43+00:00 se142row3-4_lnx#00 I: Still 3 tests running : number suite:25:#calc_mant 10 12, number suite:24:#calc_mant 16 8a, number suite:23:#calc_no_mant 2 1101.
2019-12-22T16:09:43+00:00 se142row3-4_lnx#00 I: 3 tests running: number suite:25:#calc_mant 10 12, number suite:24:#calc_mant 16 8a, number suite:23:#calc_no_mant 2 1101.
2019-12-22T16:09:43+00:00 se142row3-4_lnx#04 I: End test number suite:24:#calc_mant 16 8a.
2019-12-22T16:09:43+00:00 se142row3-4_lnx#00 I: Still 3 tests running : number suite:25:#calc_mant 10 12, number suite:24:#calc_mant 16 8a, number suite:23:#calc_no_mant 2 1101.
2019-12-22T16:09:43+00:00 se142row3-4_lnx#00 I: 3 tests running: number suite:25:#calc_mant 10 12, number suite:24:#calc_mant 16 8a, number suite:23:#calc_no_mant 2 1101.
2019-12-22T16:09:43+00:00 se142row3-4_lnx#00 I: Still 2 tests running : number suite:25:#calc_mant 10 12, number suite:23:#calc_no_mant 2 1101.
2019-12-22T16:09:43+00:00 se142row3-4_lnx#00 I: 2 tests running: number suite:25:#calc_mant 10 12, number suite:23:#calc_no_mant 2 1101.
2019-12-22T16:09:43+00:00 se142row3-4_lnx#03 I: End test number suite:23:#calc_no_mant 2 1101.
2019-12-22T16:09:43+00:00 se142row3-4_lnx#06 I: Test number suite:25:#calc_mant 10 12 is successful.
2019-12-22T16:09:43+00:00 se142row3-4_lnx#00 I: Still 2 tests running : number suite:25:#calc_mant 10 12, number suite:23:#calc_no_mant 2 1101.
2019-12-22T16:09:43+00:00 se142row3-4_lnx#00 I: 2 tests running: number suite:25:#calc_mant 10 12, number suite:23:#calc_no_mant 2 1101.
2019-12-22T16:09:43+00:00 se142row3-4_lnx#06 I: End test number suite:25:#calc_mant 10 12.
2019-12-22T16:09:43+00:00 se142row3-4_lnx#00 I: Still 1 tests running : number suite:25:#calc_mant 10 12.
2019-12-22T16:09:43+00:00 se142row3-4_lnx#00 I: 1 tests running: number suite:25:#calc_mant 10 12.
2019-12-22T16:09:43+00:00 se142row3-4_lnx#00 I: 0 tests running: .
2019-12-22T16:09:43+00:00 se142row3-4_lnx#00 I: Worker se142row3-4_lnx#02 has ended.
2019-12-22T16:09:43+00:00 se142row3-4_lnx#00 I: Worker se142row3-4_lnx#01 has ended.
2019-12-22T16:09:43+00:00 se142row3-4_lnx#00 I: Worker se142row3-4_lnx#05 has ended.
2019-12-22T16:09:43+00:00 se142row3-4_lnx#00 I: Worker se142row3-4_lnx#04 has ended.
2019-12-22T16:09:43+00:00 se142row3-4_lnx#00 I: Worker se142row3-4_lnx#06 has ended.
2019-12-22T16:09:43+00:00 se142row3-4_lnx#00 I: 0 tests running: .
2019-12-22T16:09:43+00:00 se142row3-4_lnx#00 I: Worker se142row3-4_lnx#03 has ended.
2019-12-22T16:09:43+00:00 se142row3-4_lnx#00 I: Used 6 worker during test execution.
2019-12-22T16:09:43+00:00 se142row3-4_lnx#00 I: Run 6 tests with shard se142row3-4_lnx#03.
2019-12-22T16:09:43+00:00 se142row3-4_lnx#00 I: Run 3 tests with shard se142row3-4_lnx#06.
2019-12-22T16:09:43+00:00 se142row3-4_lnx#00 I: Run 3 tests with shard se142row3-4_lnx#04.
2019-12-22T16:09:43+00:00 se142row3-4_lnx#00 I: Run 4 tests with shard se142row3-4_lnx#05.
2019-12-22T16:09:43+00:00 se142row3-4_lnx#00 I: Run 5 tests with shard se142row3-4_lnx#02.
2019-12-22T16:09:43+00:00 se142row3-4_lnx#00 I: Run 5 tests with shard se142row3-4_lnx#01.
2019-12-22T16:09:43+00:00 se142row3-4_lnx#00 I: ==============
2019-12-22T16:09:43+00:00 se142row3-4_lnx#00 I: Summary:
2019-12-22T16:09:43+00:00 se142row3-4_lnx#00 I: Test number suite:25:#calc_mant 10 12 is successful.
2019-12-22T16:09:43+00:00 se142row3-4_lnx#00 I: Test number suite:23:#calc_no_mant 2 1101 is successful.
2019-12-22T16:09:43+00:00 se142row3-4_lnx#00 I: Test number suite:24:#calc_mant 16 8a is successful.
2019-12-22T16:09:43+00:00 se142row3-4_lnx#00 I: Test number suite:19:#-1r1 is successful.
2019-12-22T16:09:43+00:00 se142row3-4_lnx#00 I: Test number suite:21:#16R11.8a is successful.
2019-12-22T16:09:43+00:00 se142row3-4_lnx#00 I: Test number suite:22:#2r-1101 is successful.
2019-12-22T16:09:43+00:00 se142row3-4_lnx#00 I: Test number suite:15:3.14e+9 is successful.
2019-12-22T16:09:43+00:00 se142row3-4_lnx#00 I: Test number suite:20:#36rZZ is successful.
2019-12-22T16:09:43+00:00 se142row3-4_lnx#00 I: Test number suite:18:-5.000000000e-2 is successful.
2019-12-22T16:09:43+00:00 se142row3-4_lnx#00 I: Test number suite:13:1E+1 is successful.
2019-12-22T16:09:43+00:00 se142row3-4_lnx#00 I: Test number suite:17:+000000012.3E00000002 is successful.
2019-12-22T16:09:43+00:00 se142row3-4_lnx#00 I: Test number suite:16:3.14E-512 is successful.
2019-12-22T16:09:43+00:00 se142row3-4_lnx#00 I: Test number suite:14:10e-1 is successful.
2019-12-22T16:09:43+00:00 se142row3-4_lnx#00 I: Test number suite:12:1e1 is successful.
2019-12-22T16:09:43+00:00 se142row3-4_lnx#00 I: Test number suite:10:-0.0 is successful.
2019-12-22T16:09:43+00:00 se142row3-4_lnx#00 I: Test number suite:3:1234 is successful.
2019-12-22T16:09:43+00:00 se142row3-4_lnx#00 I: Test number suite:11:+999.12349999999 is successful.
2019-12-22T16:09:43+00:00 se142row3-4_lnx#00 I: Test number suite:9:501.100000000000000000000 is successful.
2019-12-22T16:09:43+00:00 se142row3-4_lnx#00 I: Test number suite:5:-01234 is successful.
2019-12-22T16:09:43+00:00 se142row3-4_lnx#00 I: Test number suite:8:0005.0129 is successful.
2019-12-22T16:09:43+00:00 se142row3-4_lnx#00 I: Test number suite:7:-0 is successful.
2019-12-22T16:09:43+00:00 se142row3-4_lnx#00 I: Test number suite:6:+01234 is successful.
2019-12-22T16:09:43+00:00 se142row3-4_lnx#00 I: Test number suite:4:01234 is successful.
2019-12-22T16:09:43+00:00 se142row3-4_lnx#00 I: Test number suite:2:-1 is successful.
2019-12-22T16:09:43+00:00 se142row3-4_lnx#00 I: Test number suite:1:+1 is successful.
2019-12-22T16:09:43+00:00 se142row3-4_lnx#00 I: Test number suite:0:1 is successful.
2019-12-22T16:09:43+00:00 se142row3-4_lnx#00 I: Ran: 26 tests in: 0.15 seconds.
2019-12-22T16:09:43+00:00 se142row3-4_lnx#00 I: Cases: 26.
2019-12-22T16:09:43+00:00 se142row3-4_lnx#00 I: Tried: 26.
2019-12-22T16:09:43+00:00 se142row3-4_lnx#00 I: Errors: 0.
2019-12-22T16:09:43+00:00 se142row3-4_lnx#00 I: Failures: 0.
2019-12-22T16:09:43+00:00 se142row3-4_lnx#00 I: Skip: 0.
2019-12-22T16:09:43+00:00 se142row3-4_lnx#00 I: Todo: 0.
2019-12-22T16:09:43+00:00 se142row3-4_lnx#00 I: Timeout: 0.
