2019-11-23T11:57:43+00:00 rotemb271-Latitude-7490#00 I: Runner: processes
2019-11-23T11:57:43+00:00 rotemb271-Latitude-7490#00 I: Chooser: simple
2019-11-23T11:57:43+00:00 rotemb271-Latitude-7490#00 I: Configuration suite_name = "string_suite"
2019-11-23T11:57:43+00:00 rotemb271-Latitude-7490#00 I: Configuration cache_filename = "/home/rotemb271/Code/School/semester_7/COMP/our_compiler/oUnit-$(suite_name).cache"
2019-11-23T11:57:43+00:00 rotemb271-Latitude-7490#00 I: Configuration display = "true"
2019-11-23T11:57:43+00:00 rotemb271-Latitude-7490#00 I: Configuration results_style_1_X = "false"
2019-11-23T11:57:43+00:00 rotemb271-Latitude-7490#00 I: Configuration verbose = "false"
2019-11-23T11:57:43+00:00 rotemb271-Latitude-7490#00 I: Configuration health_check_interval = "1."
2019-11-23T11:57:43+00:00 rotemb271-Latitude-7490#00 I: Configuration testdata_dir = "none"
2019-11-23T11:57:43+00:00 rotemb271-Latitude-7490#00 I: Configuration chooser = "simple"
2019-11-23T11:57:43+00:00 rotemb271-Latitude-7490#00 I: Configuration output_html_dir = "none"
2019-11-23T11:57:43+00:00 rotemb271-Latitude-7490#00 I: Configuration processes_kill_period = "5."
2019-11-23T11:57:43+00:00 rotemb271-Latitude-7490#00 I: Configuration runner = "processes"
2019-11-23T11:57:43+00:00 rotemb271-Latitude-7490#00 I: Configuration shards = "4"
2019-11-23T11:57:43+00:00 rotemb271-Latitude-7490#00 I: Configuration processes_grace_period = "5."
2019-11-23T11:57:43+00:00 rotemb271-Latitude-7490#00 I: Configuration log_encoding = "utf-8"
2019-11-23T11:57:43+00:00 rotemb271-Latitude-7490#00 I: Configuration output_junit_file = "none"
2019-11-23T11:57:43+00:00 rotemb271-Latitude-7490#00 I: Configuration output_file = "/home/rotemb271/Code/School/semester_7/COMP/our_compiler/oUnit-$(suite_name)-$(shard_id).log"
2019-11-23T11:57:43+00:00 rotemb271-Latitude-7490#00 I: Using 4 workers maximum.
2019-11-23T11:57:43+00:00 rotemb271-Latitude-7490#00 I: Starting worker number rotemb271-Latitude-7490#01.
2019-11-23T11:57:43+00:00 rotemb271-Latitude-7490#00 I: Worker rotemb271-Latitude-7490#01 started.
2019-11-23T11:57:43+00:00 rotemb271-Latitude-7490#00 I: Starting worker number rotemb271-Latitude-7490#02.
2019-11-23T11:57:43+00:00 rotemb271-Latitude-7490#00 I: Worker rotemb271-Latitude-7490#02 started.
2019-11-23T11:57:43+00:00 rotemb271-Latitude-7490#00 I: Starting worker number rotemb271-Latitude-7490#03.
2019-11-23T11:57:43+00:00 rotemb271-Latitude-7490#00 I: Worker rotemb271-Latitude-7490#03 started.
2019-11-23T11:57:43+00:00 rotemb271-Latitude-7490#00 I: Starting worker number rotemb271-Latitude-7490#04.
2019-11-23T11:57:43+00:00 rotemb271-Latitude-7490#00 I: Worker rotemb271-Latitude-7490#04 started.
2019-11-23T11:57:43+00:00 rotemb271-Latitude-7490#00 I: 4 tests running: string_suite:3:empty str, string_suite:2:with meta, string_suite:1:long string, string_suite:0:moshe.
2019-11-23T11:57:43+00:00 rotemb271-Latitude-7490#01 I: Start test string_suite:0:moshe.
2019-11-23T11:57:43+00:00 rotemb271-Latitude-7490#02 I: Start test string_suite:1:long string.
2019-11-23T11:57:43+00:00 rotemb271-Latitude-7490#03 I: Start test string_suite:2:with meta.
2019-11-23T11:57:43+00:00 rotemb271-Latitude-7490#00 I: 4 tests running: string_suite:3:empty str, string_suite:2:with meta, string_suite:1:long string, string_suite:0:moshe.
2019-11-23T11:57:43+00:00 rotemb271-Latitude-7490#04 I: Start test string_suite:3:empty str.
2019-11-23T11:57:43+00:00 rotemb271-Latitude-7490#00 I: 4 tests running: string_suite:3:empty str, string_suite:2:with meta, string_suite:1:long string, string_suite:0:moshe.
2019-11-23T11:57:43+00:00 rotemb271-Latitude-7490#01 I: Test string_suite:0:moshe is successful.
2019-11-23T11:57:43+00:00 rotemb271-Latitude-7490#00 I: 4 tests running: string_suite:3:empty str, string_suite:2:with meta, string_suite:1:long string, string_suite:0:moshe.
2019-11-23T11:57:43+00:00 rotemb271-Latitude-7490#01 I: End test string_suite:0:moshe.
2019-11-23T11:57:43+00:00 rotemb271-Latitude-7490#00 I: 4 tests running: string_suite:3:empty str, string_suite:2:with meta, string_suite:1:long string, string_suite:0:moshe.
2019-11-23T11:57:43+00:00 rotemb271-Latitude-7490#02 I: Test string_suite:1:long string is successful.
2019-11-23T11:57:43+00:00 rotemb271-Latitude-7490#00 I: 4 tests running: string_suite:4:with meta ci, string_suite:3:empty str, string_suite:2:with meta, string_suite:1:long string.
2019-11-23T11:57:43+00:00 rotemb271-Latitude-7490#02 I: End test string_suite:1:long string.
2019-11-23T11:57:43+00:00 rotemb271-Latitude-7490#03 I: Test string_suite:2:with meta is successful.
2019-11-23T11:57:43+00:00 rotemb271-Latitude-7490#01 I: Start test string_suite:4:with meta ci.
2019-11-23T11:57:43+00:00 rotemb271-Latitude-7490#00 I: 4 tests running: string_suite:4:with meta ci, string_suite:3:empty str, string_suite:2:with meta, string_suite:1:long string.
2019-11-23T11:57:43+00:00 rotemb271-Latitude-7490#03 I: End test string_suite:2:with meta.
2019-11-23T11:57:43+00:00 rotemb271-Latitude-7490#00 I: 4 tests running: string_suite:5:with whitespaces, string_suite:4:with meta ci, string_suite:3:empty str, string_suite:2:with meta.
2019-11-23T11:57:43+00:00 rotemb271-Latitude-7490#02 I: Start test string_suite:5:with whitespaces.
2019-11-23T11:57:43+00:00 rotemb271-Latitude-7490#00 I: 4 tests running: string_suite:6:with comment, string_suite:5:with whitespaces, string_suite:4:with meta ci, string_suite:3:empty str.
2019-11-23T11:57:43+00:00 rotemb271-Latitude-7490#03 I: Start test string_suite:6:with comment.
2019-11-23T11:57:43+00:00 rotemb271-Latitude-7490#00 I: 4 tests running: string_suite:6:with comment, string_suite:5:with whitespaces, string_suite:4:with meta ci, string_suite:3:empty str.
2019-11-23T11:57:43+00:00 rotemb271-Latitude-7490#04 I: Test string_suite:3:empty str is successful.
2019-11-23T11:57:43+00:00 rotemb271-Latitude-7490#01 I: Test string_suite:4:with meta ci is successful.
2019-11-23T11:57:43+00:00 rotemb271-Latitude-7490#00 I: 4 tests running: string_suite:6:with comment, string_suite:5:with whitespaces, string_suite:4:with meta ci, string_suite:3:empty str.
2019-11-23T11:57:43+00:00 rotemb271-Latitude-7490#04 I: End test string_suite:3:empty str.
2019-11-23T11:57:43+00:00 rotemb271-Latitude-7490#01 I: End test string_suite:4:with meta ci.
2019-11-23T11:57:43+00:00 rotemb271-Latitude-7490#00 I: 4 tests running: string_suite:6:with comment, string_suite:5:with whitespaces, string_suite:4:with meta ci, string_suite:3:empty str.
2019-11-23T11:57:43+00:00 rotemb271-Latitude-7490#00 I: Still 4 tests running : string_suite:8:with nested sexpr comments, string_suite:7:with comments, string_suite:6:with comment, string_suite:5:with whitespaces.
2019-11-23T11:57:43+00:00 rotemb271-Latitude-7490#00 I: 4 tests running: string_suite:8:with nested sexpr comments, string_suite:7:with comments, string_suite:6:with comment, string_suite:5:with whitespaces.
2019-11-23T11:57:43+00:00 rotemb271-Latitude-7490#02 I: Test string_suite:5:with whitespaces is successful.
2019-11-23T11:57:43+00:00 rotemb271-Latitude-7490#03 I: Test string_suite:6:with comment is successful.
2019-11-23T11:57:43+00:00 rotemb271-Latitude-7490#01 I: Start test string_suite:7:with comments.
2019-11-23T11:57:43+00:00 rotemb271-Latitude-7490#04 I: Start test string_suite:8:with nested sexpr comments.
2019-11-23T11:57:43+00:00 rotemb271-Latitude-7490#00 I: Still 4 tests running : string_suite:8:with nested sexpr comments, string_suite:7:with comments, string_suite:6:with comment, string_suite:5:with whitespaces.
2019-11-23T11:57:43+00:00 rotemb271-Latitude-7490#00 I: 4 tests running: string_suite:8:with nested sexpr comments, string_suite:7:with comments, string_suite:6:with comment, string_suite:5:with whitespaces.
2019-11-23T11:57:43+00:00 rotemb271-Latitude-7490#02 I: End test string_suite:5:with whitespaces.
2019-11-23T11:57:43+00:00 rotemb271-Latitude-7490#03 I: End test string_suite:6:with comment.
2019-11-23T11:57:43+00:00 rotemb271-Latitude-7490#00 I: Still 4 tests running : string_suite:8:with nested sexpr comments, string_suite:7:with comments, string_suite:6:with comment, string_suite:5:with whitespaces.
2019-11-23T11:57:43+00:00 rotemb271-Latitude-7490#00 I: 4 tests running: string_suite:8:with nested sexpr comments, string_suite:7:with comments, string_suite:6:with comment, string_suite:5:with whitespaces.
2019-11-23T11:57:43+00:00 rotemb271-Latitude-7490#00 I: Still 2 tests running : string_suite:8:with nested sexpr comments, string_suite:7:with comments.
2019-11-23T11:57:43+00:00 rotemb271-Latitude-7490#00 I: 2 tests running: string_suite:8:with nested sexpr comments, string_suite:7:with comments.
2019-11-23T11:57:43+00:00 rotemb271-Latitude-7490#01 I: Test string_suite:7:with comments is successful.
2019-11-23T11:57:43+00:00 rotemb271-Latitude-7490#00 I: Still 2 tests running : string_suite:8:with nested sexpr comments, string_suite:7:with comments.
2019-11-23T11:57:43+00:00 rotemb271-Latitude-7490#00 I: 2 tests running: string_suite:8:with nested sexpr comments, string_suite:7:with comments.
2019-11-23T11:57:43+00:00 rotemb271-Latitude-7490#01 I: End test string_suite:7:with comments.
2019-11-23T11:57:43+00:00 rotemb271-Latitude-7490#00 I: Still 2 tests running : string_suite:8:with nested sexpr comments, string_suite:7:with comments.
2019-11-23T11:57:43+00:00 rotemb271-Latitude-7490#00 I: 2 tests running: string_suite:8:with nested sexpr comments, string_suite:7:with comments.
2019-11-23T11:57:43+00:00 rotemb271-Latitude-7490#00 I: Still 1 tests running : string_suite:8:with nested sexpr comments.
2019-11-23T11:57:43+00:00 rotemb271-Latitude-7490#00 I: 1 tests running: string_suite:8:with nested sexpr comments.
2019-11-23T11:57:43+00:00 rotemb271-Latitude-7490#04 I: Test string_suite:8:with nested sexpr comments is successful.
2019-11-23T11:57:43+00:00 rotemb271-Latitude-7490#00 I: Still 1 tests running : string_suite:8:with nested sexpr comments.
2019-11-23T11:57:43+00:00 rotemb271-Latitude-7490#00 I: 1 tests running: string_suite:8:with nested sexpr comments.
2019-11-23T11:57:43+00:00 rotemb271-Latitude-7490#04 I: End test string_suite:8:with nested sexpr comments.
2019-11-23T11:57:43+00:00 rotemb271-Latitude-7490#00 I: Still 1 tests running : string_suite:8:with nested sexpr comments.
2019-11-23T11:57:43+00:00 rotemb271-Latitude-7490#00 I: 1 tests running: string_suite:8:with nested sexpr comments.
2019-11-23T11:57:43+00:00 rotemb271-Latitude-7490#00 I: 0 tests running: .
2019-11-23T11:57:43+00:00 rotemb271-Latitude-7490#00 I: Worker rotemb271-Latitude-7490#02 has ended.
2019-11-23T11:57:43+00:00 rotemb271-Latitude-7490#00 I: Worker rotemb271-Latitude-7490#03 has ended.
2019-11-23T11:57:43+00:00 rotemb271-Latitude-7490#00 I: Worker rotemb271-Latitude-7490#01 has ended.
2019-11-23T11:57:43+00:00 rotemb271-Latitude-7490#00 I: Worker rotemb271-Latitude-7490#04 has ended.
2019-11-23T11:57:43+00:00 rotemb271-Latitude-7490#00 I: Used 4 worker during test execution.
2019-11-23T11:57:43+00:00 rotemb271-Latitude-7490#00 I: Run 3 tests with shard rotemb271-Latitude-7490#01.
2019-11-23T11:57:43+00:00 rotemb271-Latitude-7490#00 I: Run 2 tests with shard rotemb271-Latitude-7490#02.
2019-11-23T11:57:43+00:00 rotemb271-Latitude-7490#00 I: Run 2 tests with shard rotemb271-Latitude-7490#03.
2019-11-23T11:57:43+00:00 rotemb271-Latitude-7490#00 I: Run 2 tests with shard rotemb271-Latitude-7490#04.
2019-11-23T11:57:43+00:00 rotemb271-Latitude-7490#00 I: ==============
2019-11-23T11:57:43+00:00 rotemb271-Latitude-7490#00 I: Summary:
2019-11-23T11:57:43+00:00 rotemb271-Latitude-7490#00 I: Test string_suite:8:with nested sexpr comments is successful.
2019-11-23T11:57:43+00:00 rotemb271-Latitude-7490#00 I: Test string_suite:7:with comments is successful.
2019-11-23T11:57:43+00:00 rotemb271-Latitude-7490#00 I: Test string_suite:6:with comment is successful.
2019-11-23T11:57:43+00:00 rotemb271-Latitude-7490#00 I: Test string_suite:5:with whitespaces is successful.
2019-11-23T11:57:43+00:00 rotemb271-Latitude-7490#00 I: Test string_suite:4:with meta ci is successful.
2019-11-23T11:57:43+00:00 rotemb271-Latitude-7490#00 I: Test string_suite:3:empty str is successful.
2019-11-23T11:57:43+00:00 rotemb271-Latitude-7490#00 I: Test string_suite:2:with meta is successful.
2019-11-23T11:57:43+00:00 rotemb271-Latitude-7490#00 I: Test string_suite:1:long string is successful.
2019-11-23T11:57:43+00:00 rotemb271-Latitude-7490#00 I: Test string_suite:0:moshe is successful.
2019-11-23T11:57:43+00:00 rotemb271-Latitude-7490#00 I: Ran: 9 tests in: 0.11 seconds.
2019-11-23T11:57:43+00:00 rotemb271-Latitude-7490#00 I: Cases: 9.
2019-11-23T11:57:43+00:00 rotemb271-Latitude-7490#00 I: Tried: 9.
2019-11-23T11:57:43+00:00 rotemb271-Latitude-7490#00 I: Errors: 0.
2019-11-23T11:57:43+00:00 rotemb271-Latitude-7490#00 I: Failures: 0.
2019-11-23T11:57:43+00:00 rotemb271-Latitude-7490#00 I: Skip: 0.
2019-11-23T11:57:43+00:00 rotemb271-Latitude-7490#00 I: Todo: 0.
2019-11-23T11:57:43+00:00 rotemb271-Latitude-7490#00 I: Timeout: 0.
