2019-12-14T21:00:56+00:00 alon#00 I: Runner: processes
2019-12-14T21:00:56+00:00 alon#00 I: Chooser: simple
2019-12-14T21:00:56+00:00 alon#00 I: Configuration suite_name = "list_suite"
2019-12-14T21:00:56+00:00 alon#00 I: Configuration cache_filename = "/home/a_braverman/Desktop/Uni/Compy/our_compiler/oUnit-$(suite_name).cache"
2019-12-14T21:00:56+00:00 alon#00 I: Configuration display = "true"
2019-12-14T21:00:56+00:00 alon#00 I: Configuration results_style_1_X = "false"
2019-12-14T21:00:56+00:00 alon#00 I: Configuration verbose = "false"
2019-12-14T21:00:56+00:00 alon#00 I: Configuration health_check_interval = "1."
2019-12-14T21:00:56+00:00 alon#00 I: Configuration testdata_dir = "none"
2019-12-14T21:00:56+00:00 alon#00 I: Configuration chooser = "simple"
2019-12-14T21:00:56+00:00 alon#00 I: Configuration output_html_dir = "none"
2019-12-14T21:00:56+00:00 alon#00 I: Configuration processes_kill_period = "5."
2019-12-14T21:00:56+00:00 alon#00 I: Configuration runner = "processes"
2019-12-14T21:00:56+00:00 alon#00 I: Configuration shards = "4"
2019-12-14T21:00:56+00:00 alon#00 I: Configuration processes_grace_period = "5."
2019-12-14T21:00:56+00:00 alon#00 I: Configuration log_encoding = "utf-8"
2019-12-14T21:00:56+00:00 alon#00 I: Configuration output_junit_file = "none"
2019-12-14T21:00:56+00:00 alon#00 I: Configuration output_file = "/home/a_braverman/Desktop/Uni/Compy/our_compiler/oUnit-$(suite_name)-$(shard_id).log"
2019-12-14T21:00:56+00:00 alon#00 I: Using 4 workers maximum.
2019-12-14T21:00:56+00:00 alon#00 I: Starting worker number alon#01.
2019-12-14T21:00:56+00:00 alon#00 I: Worker alon#01 started.
2019-12-14T21:00:56+00:00 alon#00 I: Starting worker number alon#02.
2019-12-14T21:00:56+00:00 alon#00 I: Worker alon#02 started.
2019-12-14T21:00:56+00:00 alon#00 I: Starting worker number alon#03.
2019-12-14T21:00:56+00:00 alon#00 I: Worker alon#03 started.
2019-12-14T21:00:56+00:00 alon#00 I: Starting worker number alon#04.
2019-12-14T21:00:56+00:00 alon#00 I: Worker alon#04 started.
2019-12-14T21:00:56+00:00 alon#00 I: 4 tests running: list_suite:3:(#;#T   ;asjdfasdkjsadjhka
2019-12-14T21:00:56+00:00 alon#00 I: ), list_suite:2:(   ), list_suite:1:(), list_suite:0:(a b c).
2019-12-14T21:00:56+00:00 alon#01 I: Start test list_suite:0:(a b c).
2019-12-14T21:00:56+00:00 alon#02 I: Start test list_suite:1:().
2019-12-14T21:00:56+00:00 alon#03 I: Start test list_suite:2:(   ).
2019-12-14T21:00:56+00:00 alon#00 I: 4 tests running: list_suite:3:(#;#T   ;asjdfasdkjsadjhka
2019-12-14T21:00:56+00:00 alon#00 I: ), list_suite:2:(   ), list_suite:1:(), list_suite:0:(a b c).
2019-12-14T21:00:56+00:00 alon#04 I: Start test list_suite:3:(#;#T   ;asjdfasdkjsadjhka
2019-12-14T21:00:56+00:00 alon#04 I: ).
2019-12-14T21:00:56+00:00 alon#00 I: 4 tests running: list_suite:3:(#;#T   ;asjdfasdkjsadjhka
2019-12-14T21:00:56+00:00 alon#00 I: ), list_suite:2:(   ), list_suite:1:(), list_suite:0:(a b c).
2019-12-14T21:00:56+00:00 alon#03 E: Test list_suite:2:(   ) exited with an error.
2019-12-14T21:00:56+00:00 alon#03 E: PC.X_no_match in test list_suite:2:(   ).
2019-12-14T21:00:56+00:00 alon#03 E: Raised at file "./pc.ml", line 75, characters 22-32
2019-12-14T21:00:56+00:00 alon#03 E: Called from file "./pc.ml", line 53, characters 16-23
2019-12-14T21:00:56+00:00 alon#03 E: Called from file "./pc.ml", line 57, characters 15-21
2019-12-14T21:00:56+00:00 alon#03 E: Called from file "./pc.ml", line 52, characters 16-23
2019-12-14T21:00:56+00:00 alon#03 E: Called from file "./pc.ml", line 57, characters 15-21
2019-12-14T21:00:56+00:00 alon#03 E: Called from file "./reader.ml", line 160, characters 15-19
2019-12-14T21:00:56+00:00 alon#03 E: Called from file "./pc.ml", line 52, characters 16-23
2019-12-14T21:00:56+00:00 alon#03 E: Called from file "./reader.ml", line 420, characters 31-57
2019-12-14T21:00:56+00:00 alon#03 E: Called from file "./test_reader.ml", line 106, characters 10-38
2019-12-14T21:00:56+00:00 alon#03 E: Called from file "src/oUnitRunner.ml", line 46, characters 13-26
2019-12-14T21:00:56+00:00 alon#03 E: 
2019-12-14T21:00:56+00:00 alon#00 I: 4 tests running: list_suite:3:(#;#T   ;asjdfasdkjsadjhka
2019-12-14T21:00:56+00:00 alon#00 I: ), list_suite:2:(   ), list_suite:1:(), list_suite:0:(a b c).
2019-12-14T21:00:56+00:00 alon#03 I: End test list_suite:2:(   ).
2019-12-14T21:00:56+00:00 alon#00 I: 4 tests running: list_suite:3:(#;#T   ;asjdfasdkjsadjhka
2019-12-14T21:00:56+00:00 alon#00 I: ), list_suite:2:(   ), list_suite:1:(), list_suite:0:(a b c).
2019-12-14T21:00:56+00:00 alon#02 I: Test list_suite:1:() is successful.
2019-12-14T21:00:56+00:00 alon#00 I: 4 tests running: list_suite:4:(a (b c)), list_suite:3:(#;#T   ;asjdfasdkjsadjhka
2019-12-14T21:00:56+00:00 alon#00 I: ), list_suite:1:(), list_suite:0:(a b c).
2019-12-14T21:00:56+00:00 alon#01 I: Test list_suite:0:(a b c) is successful.
2019-12-14T21:00:56+00:00 alon#02 I: End test list_suite:1:().
2019-12-14T21:00:56+00:00 alon#03 I: Start test list_suite:4:(a (b c)).
2019-12-14T21:00:56+00:00 alon#00 I: 4 tests running: list_suite:4:(a (b c)), list_suite:3:(#;#T   ;asjdfasdkjsadjhka
2019-12-14T21:00:56+00:00 alon#00 I: ), list_suite:1:(), list_suite:0:(a b c).
2019-12-14T21:00:56+00:00 alon#01 I: End test list_suite:0:(a b c).
2019-12-14T21:00:56+00:00 alon#00 I: 4 tests running: list_suite:5:(a         b #;#t c), list_suite:4:(a (b c)), list_suite:3:(#;#T   ;asjdfasdkjsadjhka
2019-12-14T21:00:56+00:00 alon#00 I: ), list_suite:0:(a b c).
2019-12-14T21:00:56+00:00 alon#04 E: Test list_suite:3:(#;#T   ;asjdfasdkjsadjhka
2019-12-14T21:00:56+00:00 alon#04 E: ) exited with an error.
2019-12-14T21:00:56+00:00 alon#04 E: PC.X_no_match in test list_suite:3:(#;#T   ;asjdfasdkjsadjhka
2019-12-14T21:00:56+00:00 alon#04 E: ).
2019-12-14T21:00:56+00:00 alon#04 E: Raised at file "./pc.ml", line 75, characters 22-32
2019-12-14T21:00:56+00:00 alon#04 E: Called from file "./pc.ml", line 53, characters 16-23
2019-12-14T21:00:56+00:00 alon#04 E: Called from file "./pc.ml", line 57, characters 15-21
2019-12-14T21:00:56+00:00 alon#04 E: Called from file "./pc.ml", line 52, characters 16-23
2019-12-14T21:00:56+00:00 alon#04 E: Called from file "./pc.ml", line 57, characters 15-21
2019-12-14T21:00:56+00:00 alon#04 E: Called from file "./reader.ml", line 160, characters 15-19
2019-12-14T21:00:56+00:00 alon#04 E: Called from file "./pc.ml", line 52, characters 16-23
2019-12-14T21:00:56+00:00 alon#04 E: Called from file "./reader.ml", line 420, characters 31-57
2019-12-14T21:00:56+00:00 alon#04 E: Called from file "./test_reader.ml", line 112, characters 10-61
2019-12-14T21:00:56+00:00 alon#04 E: Called from file "src/oUnitRunner.ml", line 46, characters 13-26
2019-12-14T21:00:56+00:00 alon#04 E: 
2019-12-14T21:00:56+00:00 alon#02 I: Start test list_suite:5:(a         b #;#t c).
2019-12-14T21:00:56+00:00 alon#00 I: 4 tests running: list_suite:6:(a         b #;#t .c), list_suite:5:(a         b #;#t c), list_suite:4:(a (b c)), list_suite:3:(#;#T   ;asjdfasdkjsadjhka
2019-12-14T21:00:56+00:00 alon#00 I: ).
2019-12-14T21:00:56+00:00 alon#04 I: End test list_suite:3:(#;#T   ;asjdfasdkjsadjhka
2019-12-14T21:00:56+00:00 alon#04 I: ).
2019-12-14T21:00:56+00:00 alon#01 I: Start test list_suite:6:(a         b #;#t .c).
2019-12-14T21:00:56+00:00 alon#00 I: 4 tests running: list_suite:6:(a         b #;#t .c), list_suite:5:(a         b #;#t c), list_suite:4:(a (b c)), list_suite:3:(#;#T   ;asjdfasdkjsadjhka
2019-12-14T21:00:56+00:00 alon#00 I: ).
2019-12-14T21:00:56+00:00 alon#00 I: 4 tests running: list_suite:7:(a b . c), list_suite:6:(a         b #;#t .c), list_suite:5:(a         b #;#t c), list_suite:4:(a (b c)).
2019-12-14T21:00:56+00:00 alon#04 I: Start test list_suite:7:(a b . c).
2019-12-14T21:00:56+00:00 alon#00 I: 4 tests running: list_suite:7:(a b . c), list_suite:6:(a         b #;#t .c), list_suite:5:(a         b #;#t c), list_suite:4:(a (b c)).
2019-12-14T21:00:56+00:00 alon#03 I: Test list_suite:4:(a (b c)) is successful.
2019-12-14T21:00:56+00:00 alon#00 I: 4 tests running: list_suite:7:(a b . c), list_suite:6:(a         b #;#t .c), list_suite:5:(a         b #;#t c), list_suite:4:(a (b c)).
2019-12-14T21:00:56+00:00 alon#03 I: End test list_suite:4:(a (b c)).
2019-12-14T21:00:56+00:00 alon#00 I: 4 tests running: list_suite:7:(a b . c), list_suite:6:(a         b #;#t .c), list_suite:5:(a         b #;#t c), list_suite:4:(a (b c)).
2019-12-14T21:00:56+00:00 alon#00 I: Still 4 tests running : list_suite:8:(a .(b c)), list_suite:7:(a b . c), list_suite:6:(a         b #;#t .c), list_suite:5:(a         b #;#t c).
2019-12-14T21:00:56+00:00 alon#00 I: 4 tests running: list_suite:8:(a .(b c)), list_suite:7:(a b . c), list_suite:6:(a         b #;#t .c), list_suite:5:(a         b #;#t c).
2019-12-14T21:00:56+00:00 alon#02 I: Test list_suite:5:(a         b #;#t c) is successful.
2019-12-14T21:00:56+00:00 alon#03 I: Start test list_suite:8:(a .(b c)).
2019-12-14T21:00:56+00:00 alon#00 I: Still 4 tests running : list_suite:8:(a .(b c)), list_suite:7:(a b . c), list_suite:6:(a         b #;#t .c), list_suite:5:(a         b #;#t c).
2019-12-14T21:00:56+00:00 alon#00 I: 4 tests running: list_suite:8:(a .(b c)), list_suite:7:(a b . c), list_suite:6:(a         b #;#t .c), list_suite:5:(a         b #;#t c).
2019-12-14T21:00:56+00:00 alon#02 I: End test list_suite:5:(a         b #;#t c).
2019-12-14T21:00:56+00:00 alon#01 I: Test list_suite:6:(a         b #;#t .c) is successful.
2019-12-14T21:00:56+00:00 alon#00 I: Still 4 tests running : list_suite:8:(a .(b c)), list_suite:7:(a b . c), list_suite:6:(a         b #;#t .c), list_suite:5:(a         b #;#t c).
2019-12-14T21:00:56+00:00 alon#00 I: 4 tests running: list_suite:8:(a .(b c)), list_suite:7:(a b . c), list_suite:6:(a         b #;#t .c), list_suite:5:(a         b #;#t c).
2019-12-14T21:00:56+00:00 alon#01 I: End test list_suite:6:(a         b #;#t .c).
2019-12-14T21:00:56+00:00 alon#00 I: Still 3 tests running : list_suite:8:(a .(b c)), list_suite:7:(a b . c), list_suite:6:(a         b #;#t .c).
2019-12-14T21:00:56+00:00 alon#00 I: 3 tests running: list_suite:8:(a .(b c)), list_suite:7:(a b . c), list_suite:6:(a         b #;#t .c).
2019-12-14T21:00:56+00:00 alon#00 I: Still 2 tests running : list_suite:8:(a .(b c)), list_suite:7:(a b . c).
2019-12-14T21:00:56+00:00 alon#00 I: 2 tests running: list_suite:8:(a .(b c)), list_suite:7:(a b . c).
2019-12-14T21:00:56+00:00 alon#04 I: Test list_suite:7:(a b . c) is successful.
2019-12-14T21:00:56+00:00 alon#00 I: Still 2 tests running : list_suite:8:(a .(b c)), list_suite:7:(a b . c).
2019-12-14T21:00:56+00:00 alon#00 I: 2 tests running: list_suite:8:(a .(b c)), list_suite:7:(a b . c).
2019-12-14T21:00:56+00:00 alon#04 I: End test list_suite:7:(a b . c).
2019-12-14T21:00:56+00:00 alon#00 I: Still 2 tests running : list_suite:8:(a .(b c)), list_suite:7:(a b . c).
2019-12-14T21:00:56+00:00 alon#00 I: 2 tests running: list_suite:8:(a .(b c)), list_suite:7:(a b . c).
2019-12-14T21:00:56+00:00 alon#00 I: Still 1 tests running : list_suite:8:(a .(b c)).
2019-12-14T21:00:56+00:00 alon#00 I: 1 tests running: list_suite:8:(a .(b c)).
2019-12-14T21:00:56+00:00 alon#03 I: Test list_suite:8:(a .(b c)) is successful.
2019-12-14T21:00:56+00:00 alon#00 I: Still 1 tests running : list_suite:8:(a .(b c)).
2019-12-14T21:00:56+00:00 alon#00 I: 1 tests running: list_suite:8:(a .(b c)).
2019-12-14T21:00:56+00:00 alon#03 I: End test list_suite:8:(a .(b c)).
2019-12-14T21:00:56+00:00 alon#00 I: Still 1 tests running : list_suite:8:(a .(b c)).
2019-12-14T21:00:56+00:00 alon#00 I: 1 tests running: list_suite:8:(a .(b c)).
2019-12-14T21:00:56+00:00 alon#00 I: 0 tests running: .
2019-12-14T21:00:56+00:00 alon#00 I: Worker alon#02 has ended.
2019-12-14T21:00:56+00:00 alon#00 I: Worker alon#01 has ended.
2019-12-14T21:00:56+00:00 alon#00 I: Worker alon#04 has ended.
2019-12-14T21:00:56+00:00 alon#00 I: Worker alon#03 has ended.
2019-12-14T21:00:56+00:00 alon#00 I: Used 4 worker during test execution.
2019-12-14T21:00:56+00:00 alon#00 I: Run 2 tests with shard alon#01.
2019-12-14T21:00:56+00:00 alon#00 I: Run 3 tests with shard alon#03.
2019-12-14T21:00:56+00:00 alon#00 I: Run 2 tests with shard alon#04.
2019-12-14T21:00:56+00:00 alon#00 I: Run 2 tests with shard alon#02.
2019-12-14T21:00:56+00:00 alon#00 I: ==============
2019-12-14T21:00:56+00:00 alon#00 I: Summary:
2019-12-14T21:00:56+00:00 alon#00 I: Test list_suite:8:(a .(b c)) is successful.
2019-12-14T21:00:56+00:00 alon#00 I: Test list_suite:7:(a b . c) is successful.
2019-12-14T21:00:56+00:00 alon#00 I: Test list_suite:6:(a         b #;#t .c) is successful.
2019-12-14T21:00:56+00:00 alon#00 I: Test list_suite:5:(a         b #;#t c) is successful.
2019-12-14T21:00:56+00:00 alon#00 I: Test list_suite:4:(a (b c)) is successful.
2019-12-14T21:00:56+00:00 alon#00 E: Test list_suite:3:(#;#T   ;asjdfasdkjsadjhka
2019-12-14T21:00:56+00:00 alon#00 E: ) exited with an error.
2019-12-14T21:00:56+00:00 alon#00 E: PC.X_no_match in test list_suite:3:(#;#T   ;asjdfasdkjsadjhka
2019-12-14T21:00:56+00:00 alon#00 E: ).
2019-12-14T21:00:56+00:00 alon#00 E: Raised at file "./pc.ml", line 75, characters 22-32
2019-12-14T21:00:56+00:00 alon#00 E: Called from file "./pc.ml", line 53, characters 16-23
2019-12-14T21:00:56+00:00 alon#00 E: Called from file "./pc.ml", line 57, characters 15-21
2019-12-14T21:00:56+00:00 alon#00 E: Called from file "./pc.ml", line 52, characters 16-23
2019-12-14T21:00:56+00:00 alon#00 E: Called from file "./pc.ml", line 57, characters 15-21
2019-12-14T21:00:56+00:00 alon#00 E: Called from file "./reader.ml", line 160, characters 15-19
2019-12-14T21:00:56+00:00 alon#00 E: Called from file "./pc.ml", line 52, characters 16-23
2019-12-14T21:00:56+00:00 alon#00 E: Called from file "./reader.ml", line 420, characters 31-57
2019-12-14T21:00:56+00:00 alon#00 E: Called from file "./test_reader.ml", line 112, characters 10-61
2019-12-14T21:00:56+00:00 alon#00 E: Called from file "src/oUnitRunner.ml", line 46, characters 13-26
2019-12-14T21:00:56+00:00 alon#00 E: 
2019-12-14T21:00:56+00:00 alon#00 I: Test list_suite:0:(a b c) is successful.
2019-12-14T21:00:56+00:00 alon#00 I: Test list_suite:1:() is successful.
2019-12-14T21:00:56+00:00 alon#00 E: Test list_suite:2:(   ) exited with an error.
2019-12-14T21:00:56+00:00 alon#00 E: PC.X_no_match in test list_suite:2:(   ).
2019-12-14T21:00:56+00:00 alon#00 E: Raised at file "./pc.ml", line 75, characters 22-32
2019-12-14T21:00:56+00:00 alon#00 E: Called from file "./pc.ml", line 53, characters 16-23
2019-12-14T21:00:56+00:00 alon#00 E: Called from file "./pc.ml", line 57, characters 15-21
2019-12-14T21:00:56+00:00 alon#00 E: Called from file "./pc.ml", line 52, characters 16-23
2019-12-14T21:00:56+00:00 alon#00 E: Called from file "./pc.ml", line 57, characters 15-21
2019-12-14T21:00:56+00:00 alon#00 E: Called from file "./reader.ml", line 160, characters 15-19
2019-12-14T21:00:56+00:00 alon#00 E: Called from file "./pc.ml", line 52, characters 16-23
2019-12-14T21:00:56+00:00 alon#00 E: Called from file "./reader.ml", line 420, characters 31-57
2019-12-14T21:00:56+00:00 alon#00 E: Called from file "./test_reader.ml", line 106, characters 10-38
2019-12-14T21:00:56+00:00 alon#00 E: Called from file "src/oUnitRunner.ml", line 46, characters 13-26
2019-12-14T21:00:56+00:00 alon#00 E: 
2019-12-14T21:00:56+00:00 alon#00 I: Ran: 9 tests in: 0.11 seconds.
2019-12-14T21:00:56+00:00 alon#00 I: Cases: 9.
2019-12-14T21:00:56+00:00 alon#00 I: Tried: 9.
2019-12-14T21:00:56+00:00 alon#00 I: Errors: 2.
2019-12-14T21:00:56+00:00 alon#00 I: Failures: 0.
2019-12-14T21:00:56+00:00 alon#00 I: Skip: 0.
2019-12-14T21:00:56+00:00 alon#00 I: Todo: 0.
2019-12-14T21:00:56+00:00 alon#00 I: Timeout: 0.
