2019-12-22T15:58:34+00:00 se142row3-4_lnx#04 I: Start test number suite:3:1234.
2019-12-22T15:58:34+00:00 se142row3-4_lnx#04 I: Test number suite:3:1234 is successful.
2019-12-22T15:58:34+00:00 se142row3-4_lnx#04 I: End test number suite:3:1234.
2019-12-22T15:58:34+00:00 se142row3-4_lnx#04 I: Start test number suite:10:-0.0.
2019-12-22T15:58:34+00:00 se142row3-4_lnx#04 I: Test number suite:10:-0.0 is successful.
2019-12-22T15:58:34+00:00 se142row3-4_lnx#04 I: End test number suite:10:-0.0.
2019-12-22T15:58:34+00:00 se142row3-4_lnx#04 I: Start test number suite:14:10e-1.
2019-12-22T15:58:34+00:00 se142row3-4_lnx#04 E: Test number suite:14:10e-1 has failed.
2019-12-22T15:58:34+00:00 se142row3-4_lnx#04 E: expected: 1. but got: 10e-1 in test number suite:14:10e-1.
2019-12-22T15:58:34+00:00 se142row3-4_lnx#04 E: Raised at file "src/oUnitAssert.ml", line 45, characters 8-27
2019-12-22T15:58:34+00:00 se142row3-4_lnx#04 E: Called from file "src/oUnitRunner.ml", line 46, characters 13-26
2019-12-22T15:58:34+00:00 se142row3-4_lnx#04 E: 
2019-12-22T15:58:34+00:00 se142row3-4_lnx#04 I: End test number suite:14:10e-1.
2019-12-22T15:58:34+00:00 se142row3-4_lnx#04 I: Start test number suite:18:-5.000000000e-2.
2019-12-22T15:58:34+00:00 se142row3-4_lnx#04 I: Test number suite:18:-5.000000000e-2 is successful.
2019-12-22T15:58:34+00:00 se142row3-4_lnx#04 I: End test number suite:18:-5.000000000e-2.
2019-12-22T15:58:34+00:00 se142row3-4_lnx#04 I: Start test number suite:22:#2r-1101.
2019-12-22T15:58:34+00:00 se142row3-4_lnx#04 I: Test number suite:22:#2r-1101 is successful.
2019-12-22T15:58:34+00:00 se142row3-4_lnx#04 I: End test number suite:22:#2r-1101.
2019-12-22T15:58:34+00:00 se142row3-4_lnx#04 I: Start test number suite:25:#calc_mant 10 12.
2019-12-22T15:58:34+00:00 se142row3-4_lnx#04 I: Test number suite:25:#calc_mant 10 12 is successful.
2019-12-22T15:58:34+00:00 se142row3-4_lnx#04 I: End test number suite:25:#calc_mant 10 12.
