2019-12-22T15:58:34+00:00 se142row3-4_lnx#00 I: Runner: processes
2019-12-22T15:58:34+00:00 se142row3-4_lnx#00 I: Chooser: simple
2019-12-22T15:58:34+00:00 se142row3-4_lnx#00 I: Configuration suite_name = "list_suite"
2019-12-22T15:58:34+00:00 se142row3-4_lnx#00 I: Configuration cache_filename = "/users/studs/bsc/2019/alonbrav/our_compiler/oUnit-$(suite_name).cache"
2019-12-22T15:58:34+00:00 se142row3-4_lnx#00 I: Configuration display = "true"
2019-12-22T15:58:34+00:00 se142row3-4_lnx#00 I: Configuration results_style_1_X = "false"
2019-12-22T15:58:34+00:00 se142row3-4_lnx#00 I: Configuration verbose = "false"
2019-12-22T15:58:34+00:00 se142row3-4_lnx#00 I: Configuration health_check_interval = "1."
2019-12-22T15:58:34+00:00 se142row3-4_lnx#00 I: Configuration testdata_dir = "none"
2019-12-22T15:58:34+00:00 se142row3-4_lnx#00 I: Configuration chooser = "simple"
2019-12-22T15:58:34+00:00 se142row3-4_lnx#00 I: Configuration output_html_dir = "none"
2019-12-22T15:58:34+00:00 se142row3-4_lnx#00 I: Configuration processes_kill_period = "5."
2019-12-22T15:58:34+00:00 se142row3-4_lnx#00 I: Configuration runner = "processes"
2019-12-22T15:58:34+00:00 se142row3-4_lnx#00 I: Configuration shards = "6"
2019-12-22T15:58:34+00:00 se142row3-4_lnx#00 I: Configuration processes_grace_period = "5."
2019-12-22T15:58:34+00:00 se142row3-4_lnx#00 I: Configuration log_encoding = "utf-8"
2019-12-22T15:58:34+00:00 se142row3-4_lnx#00 I: Configuration output_junit_file = "none"
2019-12-22T15:58:34+00:00 se142row3-4_lnx#00 I: Configuration output_file = "/users/studs/bsc/2019/alonbrav/our_compiler/oUnit-$(suite_name)-$(shard_id).log"
2019-12-22T15:58:34+00:00 se142row3-4_lnx#00 I: Using 6 workers maximum.
2019-12-22T15:58:34+00:00 se142row3-4_lnx#00 I: Starting worker number se142row3-4_lnx#01.
2019-12-22T15:58:34+00:00 se142row3-4_lnx#00 I: Worker se142row3-4_lnx#01 started.
2019-12-22T15:58:34+00:00 se142row3-4_lnx#00 I: Starting worker number se142row3-4_lnx#02.
2019-12-22T15:58:34+00:00 se142row3-4_lnx#00 I: Worker se142row3-4_lnx#02 started.
2019-12-22T15:58:34+00:00 se142row3-4_lnx#00 I: Starting worker number se142row3-4_lnx#03.
2019-12-22T15:58:34+00:00 se142row3-4_lnx#00 I: Worker se142row3-4_lnx#03 started.
2019-12-22T15:58:34+00:00 se142row3-4_lnx#00 I: Starting worker number se142row3-4_lnx#04.
2019-12-22T15:58:34+00:00 se142row3-4_lnx#00 I: Worker se142row3-4_lnx#04 started.
2019-12-22T15:58:34+00:00 se142row3-4_lnx#00 I: Starting worker number se142row3-4_lnx#05.
2019-12-22T15:58:34+00:00 se142row3-4_lnx#00 I: Worker se142row3-4_lnx#05 started.
2019-12-22T15:58:34+00:00 se142row3-4_lnx#00 I: Starting worker number se142row3-4_lnx#06.
2019-12-22T15:58:34+00:00 se142row3-4_lnx#00 I: Worker se142row3-4_lnx#06 started.
2019-12-22T15:58:34+00:00 se142row3-4_lnx#00 I: 6 tests running: list_suite:5:(a         b #;#t c), list_suite:4:(a (b c)), list_suite:3:(#;#T   ;asjdfasdkjsadjhka
2019-12-22T15:58:34+00:00 se142row3-4_lnx#00 I: ), list_suite:2:(   ), list_suite:1:(), list_suite:0:(a b c).
2019-12-22T15:58:34+00:00 se142row3-4_lnx#01 I: Start test list_suite:0:(a b c).
2019-12-22T15:58:34+00:00 se142row3-4_lnx#00 I: 6 tests running: list_suite:5:(a         b #;#t c), list_suite:4:(a (b c)), list_suite:3:(#;#T   ;asjdfasdkjsadjhka
2019-12-22T15:58:34+00:00 se142row3-4_lnx#00 I: ), list_suite:2:(   ), list_suite:1:(), list_suite:0:(a b c).
2019-12-22T15:58:34+00:00 se142row3-4_lnx#02 I: Start test list_suite:1:().
2019-12-22T15:58:34+00:00 se142row3-4_lnx#00 I: 6 tests running: list_suite:5:(a         b #;#t c), list_suite:4:(a (b c)), list_suite:3:(#;#T   ;asjdfasdkjsadjhka
2019-12-22T15:58:34+00:00 se142row3-4_lnx#00 I: ), list_suite:2:(   ), list_suite:1:(), list_suite:0:(a b c).
2019-12-22T15:58:34+00:00 se142row3-4_lnx#03 I: Start test list_suite:2:(   ).
2019-12-22T15:58:34+00:00 se142row3-4_lnx#00 I: 6 tests running: list_suite:5:(a         b #;#t c), list_suite:4:(a (b c)), list_suite:3:(#;#T   ;asjdfasdkjsadjhka
2019-12-22T15:58:34+00:00 se142row3-4_lnx#00 I: ), list_suite:2:(   ), list_suite:1:(), list_suite:0:(a b c).
2019-12-22T15:58:34+00:00 se142row3-4_lnx#05 I: Start test list_suite:4:(a (b c)).
2019-12-22T15:58:34+00:00 se142row3-4_lnx#00 I: 6 tests running: list_suite:5:(a         b #;#t c), list_suite:4:(a (b c)), list_suite:3:(#;#T   ;asjdfasdkjsadjhka
2019-12-22T15:58:34+00:00 se142row3-4_lnx#00 I: ), list_suite:2:(   ), list_suite:1:(), list_suite:0:(a b c).
2019-12-22T15:58:34+00:00 se142row3-4_lnx#01 I: Test list_suite:0:(a b c) is successful.
2019-12-22T15:58:34+00:00 se142row3-4_lnx#00 I: 6 tests running: list_suite:5:(a         b #;#t c), list_suite:4:(a (b c)), list_suite:3:(#;#T   ;asjdfasdkjsadjhka
2019-12-22T15:58:34+00:00 se142row3-4_lnx#00 I: ), list_suite:2:(   ), list_suite:1:(), list_suite:0:(a b c).
2019-12-22T15:58:34+00:00 se142row3-4_lnx#01 I: End test list_suite:0:(a b c).
2019-12-22T15:58:34+00:00 se142row3-4_lnx#00 I: 6 tests running: list_suite:5:(a         b #;#t c), list_suite:4:(a (b c)), list_suite:3:(#;#T   ;asjdfasdkjsadjhka
2019-12-22T15:58:34+00:00 se142row3-4_lnx#00 I: ), list_suite:2:(   ), list_suite:1:(), list_suite:0:(a b c).
2019-12-22T15:58:34+00:00 se142row3-4_lnx#06 I: Start test list_suite:5:(a         b #;#t c).
2019-12-22T15:58:34+00:00 se142row3-4_lnx#00 I: 6 tests running: list_suite:5:(a         b #;#t c), list_suite:4:(a (b c)), list_suite:3:(#;#T   ;asjdfasdkjsadjhka
2019-12-22T15:58:34+00:00 se142row3-4_lnx#00 I: ), list_suite:2:(   ), list_suite:1:(), list_suite:0:(a b c).
2019-12-22T15:58:34+00:00 se142row3-4_lnx#02 I: Test list_suite:1:() is successful.
2019-12-22T15:58:34+00:00 se142row3-4_lnx#00 I: 6 tests running: list_suite:5:(a         b #;#t c), list_suite:4:(a (b c)), list_suite:3:(#;#T   ;asjdfasdkjsadjhka
2019-12-22T15:58:34+00:00 se142row3-4_lnx#00 I: ), list_suite:2:(   ), list_suite:1:(), list_suite:0:(a b c).
2019-12-22T15:58:34+00:00 se142row3-4_lnx#02 I: End test list_suite:1:().
2019-12-22T15:58:34+00:00 se142row3-4_lnx#00 I: 6 tests running: list_suite:5:(a         b #;#t c), list_suite:4:(a (b c)), list_suite:3:(#;#T   ;asjdfasdkjsadjhka
2019-12-22T15:58:34+00:00 se142row3-4_lnx#00 I: ), list_suite:2:(   ), list_suite:1:(), list_suite:0:(a b c).
2019-12-22T15:58:34+00:00 se142row3-4_lnx#00 I: 6 tests running: list_suite:6:(a         b #;#t .c), list_suite:5:(a         b #;#t c), list_suite:4:(a (b c)), list_suite:3:(#;#T   ;asjdfasdkjsadjhka
2019-12-22T15:58:34+00:00 se142row3-4_lnx#00 I: ), list_suite:2:(   ), list_suite:0:(a b c).
2019-12-22T15:58:34+00:00 se142row3-4_lnx#02 I: Start test list_suite:6:(a         b #;#t .c).
2019-12-22T15:58:34+00:00 se142row3-4_lnx#00 I: 6 tests running: list_suite:6:(a         b #;#t .c), list_suite:5:(a         b #;#t c), list_suite:4:(a (b c)), list_suite:3:(#;#T   ;asjdfasdkjsadjhka
2019-12-22T15:58:34+00:00 se142row3-4_lnx#00 I: ), list_suite:2:(   ), list_suite:0:(a b c).
2019-12-22T15:58:34+00:00 se142row3-4_lnx#03 I: Test list_suite:2:(   ) is successful.
2019-12-22T15:58:34+00:00 se142row3-4_lnx#04 I: Start test list_suite:3:(#;#T   ;asjdfasdkjsadjhka
2019-12-22T15:58:34+00:00 se142row3-4_lnx#04 I: ).
2019-12-22T15:58:34+00:00 se142row3-4_lnx#00 I: 6 tests running: list_suite:6:(a         b #;#t .c), list_suite:5:(a         b #;#t c), list_suite:4:(a (b c)), list_suite:3:(#;#T   ;asjdfasdkjsadjhka
2019-12-22T15:58:34+00:00 se142row3-4_lnx#00 I: ), list_suite:2:(   ), list_suite:0:(a b c).
2019-12-22T15:58:34+00:00 se142row3-4_lnx#03 I: End test list_suite:2:(   ).
2019-12-22T15:58:34+00:00 se142row3-4_lnx#00 I: 6 tests running: list_suite:6:(a         b #;#t .c), list_suite:5:(a         b #;#t c), list_suite:4:(a (b c)), list_suite:3:(#;#T   ;asjdfasdkjsadjhka
2019-12-22T15:58:34+00:00 se142row3-4_lnx#00 I: ), list_suite:2:(   ), list_suite:0:(a b c).
2019-12-22T15:58:34+00:00 se142row3-4_lnx#00 I: 6 tests running: list_suite:7:(a b . c), list_suite:6:(a         b #;#t .c), list_suite:5:(a         b #;#t c), list_suite:4:(a (b c)), list_suite:3:(#;#T   ;asjdfasdkjsadjhka
2019-12-22T15:58:34+00:00 se142row3-4_lnx#00 I: ), list_suite:0:(a b c).
2019-12-22T15:58:34+00:00 se142row3-4_lnx#03 I: Start test list_suite:7:(a b . c).
2019-12-22T15:58:34+00:00 se142row3-4_lnx#00 I: 6 tests running: list_suite:7:(a b . c), list_suite:6:(a         b #;#t .c), list_suite:5:(a         b #;#t c), list_suite:4:(a (b c)), list_suite:3:(#;#T   ;asjdfasdkjsadjhka
2019-12-22T15:58:34+00:00 se142row3-4_lnx#00 I: ), list_suite:0:(a b c).
2019-12-22T15:58:34+00:00 se142row3-4_lnx#00 I: Still 6 tests running : list_suite:8:(a .(b c)), list_suite:7:(a b . c), list_suite:6:(a         b #;#t .c), list_suite:5:(a         b #;#t c), list_suite:4:(a (b c)), list_suite:3:(#;#T   ;asjdfasdkjsadjhka
2019-12-22T15:58:34+00:00 se142row3-4_lnx#00 I: ).
2019-12-22T15:58:34+00:00 se142row3-4_lnx#00 I: 6 tests running: list_suite:8:(a .(b c)), list_suite:7:(a b . c), list_suite:6:(a         b #;#t .c), list_suite:5:(a         b #;#t c), list_suite:4:(a (b c)), list_suite:3:(#;#T   ;asjdfasdkjsadjhka
2019-12-22T15:58:34+00:00 se142row3-4_lnx#00 I: ).
2019-12-22T15:58:34+00:00 se142row3-4_lnx#01 I: Start test list_suite:8:(a .(b c)).
2019-12-22T15:58:34+00:00 se142row3-4_lnx#00 I: Still 6 tests running : list_suite:8:(a .(b c)), list_suite:7:(a b . c), list_suite:6:(a         b #;#t .c), list_suite:5:(a         b #;#t c), list_suite:4:(a (b c)), list_suite:3:(#;#T   ;asjdfasdkjsadjhka
2019-12-22T15:58:34+00:00 se142row3-4_lnx#00 I: ).
2019-12-22T15:58:34+00:00 se142row3-4_lnx#00 I: 6 tests running: list_suite:8:(a .(b c)), list_suite:7:(a b . c), list_suite:6:(a         b #;#t .c), list_suite:5:(a         b #;#t c), list_suite:4:(a (b c)), list_suite:3:(#;#T   ;asjdfasdkjsadjhka
2019-12-22T15:58:34+00:00 se142row3-4_lnx#00 I: ).
2019-12-22T15:58:34+00:00 se142row3-4_lnx#05 I: Test list_suite:4:(a (b c)) is successful.
2019-12-22T15:58:34+00:00 se142row3-4_lnx#00 I: Still 6 tests running : list_suite:8:(a .(b c)), list_suite:7:(a b . c), list_suite:6:(a         b #;#t .c), list_suite:5:(a         b #;#t c), list_suite:4:(a (b c)), list_suite:3:(#;#T   ;asjdfasdkjsadjhka
2019-12-22T15:58:34+00:00 se142row3-4_lnx#00 I: ).
2019-12-22T15:58:34+00:00 se142row3-4_lnx#00 I: 6 tests running: list_suite:8:(a .(b c)), list_suite:7:(a b . c), list_suite:6:(a         b #;#t .c), list_suite:5:(a         b #;#t c), list_suite:4:(a (b c)), list_suite:3:(#;#T   ;asjdfasdkjsadjhka
2019-12-22T15:58:34+00:00 se142row3-4_lnx#00 I: ).
2019-12-22T15:58:34+00:00 se142row3-4_lnx#05 I: End test list_suite:4:(a (b c)).
2019-12-22T15:58:34+00:00 se142row3-4_lnx#00 I: Still 6 tests running : list_suite:8:(a .(b c)), list_suite:7:(a b . c), list_suite:6:(a         b #;#t .c), list_suite:5:(a         b #;#t c), list_suite:4:(a (b c)), list_suite:3:(#;#T   ;asjdfasdkjsadjhka
2019-12-22T15:58:34+00:00 se142row3-4_lnx#00 I: ).
2019-12-22T15:58:34+00:00 se142row3-4_lnx#00 I: 6 tests running: list_suite:8:(a .(b c)), list_suite:7:(a b . c), list_suite:6:(a         b #;#t .c), list_suite:5:(a         b #;#t c), list_suite:4:(a (b c)), list_suite:3:(#;#T   ;asjdfasdkjsadjhka
2019-12-22T15:58:34+00:00 se142row3-4_lnx#00 I: ).
2019-12-22T15:58:34+00:00 se142row3-4_lnx#00 I: Still 5 tests running : list_suite:8:(a .(b c)), list_suite:7:(a b . c), list_suite:6:(a         b #;#t .c), list_suite:5:(a         b #;#t c), list_suite:3:(#;#T   ;asjdfasdkjsadjhka
2019-12-22T15:58:34+00:00 se142row3-4_lnx#00 I: ).
2019-12-22T15:58:34+00:00 se142row3-4_lnx#00 I: 5 tests running: list_suite:8:(a .(b c)), list_suite:7:(a b . c), list_suite:6:(a         b #;#t .c), list_suite:5:(a         b #;#t c), list_suite:3:(#;#T   ;asjdfasdkjsadjhka
2019-12-22T15:58:34+00:00 se142row3-4_lnx#00 I: ).
2019-12-22T15:58:34+00:00 se142row3-4_lnx#04 I: Test list_suite:3:(#;#T   ;asjdfasdkjsadjhka
2019-12-22T15:58:34+00:00 se142row3-4_lnx#04 I: ) is successful.
2019-12-22T15:58:34+00:00 se142row3-4_lnx#00 I: Still 5 tests running : list_suite:8:(a .(b c)), list_suite:7:(a b . c), list_suite:6:(a         b #;#t .c), list_suite:5:(a         b #;#t c), list_suite:3:(#;#T   ;asjdfasdkjsadjhka
2019-12-22T15:58:34+00:00 se142row3-4_lnx#00 I: ).
2019-12-22T15:58:34+00:00 se142row3-4_lnx#00 I: 5 tests running: list_suite:8:(a .(b c)), list_suite:7:(a b . c), list_suite:6:(a         b #;#t .c), list_suite:5:(a         b #;#t c), list_suite:3:(#;#T   ;asjdfasdkjsadjhka
2019-12-22T15:58:34+00:00 se142row3-4_lnx#00 I: ).
2019-12-22T15:58:34+00:00 se142row3-4_lnx#04 I: End test list_suite:3:(#;#T   ;asjdfasdkjsadjhka
2019-12-22T15:58:34+00:00 se142row3-4_lnx#04 I: ).
2019-12-22T15:58:34+00:00 se142row3-4_lnx#00 I: Still 5 tests running : list_suite:8:(a .(b c)), list_suite:7:(a b . c), list_suite:6:(a         b #;#t .c), list_suite:5:(a         b #;#t c), list_suite:3:(#;#T   ;asjdfasdkjsadjhka
2019-12-22T15:58:34+00:00 se142row3-4_lnx#00 I: ).
2019-12-22T15:58:34+00:00 se142row3-4_lnx#00 I: 5 tests running: list_suite:8:(a .(b c)), list_suite:7:(a b . c), list_suite:6:(a         b #;#t .c), list_suite:5:(a         b #;#t c), list_suite:3:(#;#T   ;asjdfasdkjsadjhka
2019-12-22T15:58:34+00:00 se142row3-4_lnx#00 I: ).
2019-12-22T15:58:34+00:00 se142row3-4_lnx#02 I: Test list_suite:6:(a         b #;#t .c) is successful.
2019-12-22T15:58:34+00:00 se142row3-4_lnx#00 I: Still 4 tests running : list_suite:8:(a .(b c)), list_suite:7:(a b . c), list_suite:6:(a         b #;#t .c), list_suite:5:(a         b #;#t c).
2019-12-22T15:58:34+00:00 se142row3-4_lnx#00 I: 4 tests running: list_suite:8:(a .(b c)), list_suite:7:(a b . c), list_suite:6:(a         b #;#t .c), list_suite:5:(a         b #;#t c).
2019-12-22T15:58:34+00:00 se142row3-4_lnx#02 I: End test list_suite:6:(a         b #;#t .c).
2019-12-22T15:58:34+00:00 se142row3-4_lnx#00 I: Still 4 tests running : list_suite:8:(a .(b c)), list_suite:7:(a b . c), list_suite:6:(a         b #;#t .c), list_suite:5:(a         b #;#t c).
2019-12-22T15:58:34+00:00 se142row3-4_lnx#00 I: 4 tests running: list_suite:8:(a .(b c)), list_suite:7:(a b . c), list_suite:6:(a         b #;#t .c), list_suite:5:(a         b #;#t c).
2019-12-22T15:58:34+00:00 se142row3-4_lnx#00 I: Still 3 tests running : list_suite:8:(a .(b c)), list_suite:7:(a b . c), list_suite:5:(a         b #;#t c).
2019-12-22T15:58:34+00:00 se142row3-4_lnx#00 I: 3 tests running: list_suite:8:(a .(b c)), list_suite:7:(a b . c), list_suite:5:(a         b #;#t c).
2019-12-22T15:58:34+00:00 se142row3-4_lnx#01 I: Test list_suite:8:(a .(b c)) is successful.
2019-12-22T15:58:34+00:00 se142row3-4_lnx#00 I: Still 3 tests running : list_suite:8:(a .(b c)), list_suite:7:(a b . c), list_suite:5:(a         b #;#t c).
2019-12-22T15:58:34+00:00 se142row3-4_lnx#00 I: 3 tests running: list_suite:8:(a .(b c)), list_suite:7:(a b . c), list_suite:5:(a         b #;#t c).
2019-12-22T15:58:34+00:00 se142row3-4_lnx#01 I: End test list_suite:8:(a .(b c)).
2019-12-22T15:58:34+00:00 se142row3-4_lnx#00 I: Still 3 tests running : list_suite:8:(a .(b c)), list_suite:7:(a b . c), list_suite:5:(a         b #;#t c).
2019-12-22T15:58:34+00:00 se142row3-4_lnx#00 I: 3 tests running: list_suite:8:(a .(b c)), list_suite:7:(a b . c), list_suite:5:(a         b #;#t c).
2019-12-22T15:58:34+00:00 se142row3-4_lnx#03 I: Test list_suite:7:(a b . c) is successful.
2019-12-22T15:58:34+00:00 se142row3-4_lnx#00 I: Still 3 tests running : list_suite:8:(a .(b c)), list_suite:7:(a b . c), list_suite:5:(a         b #;#t c).
2019-12-22T15:58:34+00:00 se142row3-4_lnx#00 I: 3 tests running: list_suite:8:(a .(b c)), list_suite:7:(a b . c), list_suite:5:(a         b #;#t c).
2019-12-22T15:58:34+00:00 se142row3-4_lnx#03 I: End test list_suite:7:(a b . c).
2019-12-22T15:58:34+00:00 se142row3-4_lnx#00 I: Still 3 tests running : list_suite:8:(a .(b c)), list_suite:7:(a b . c), list_suite:5:(a         b #;#t c).
2019-12-22T15:58:34+00:00 se142row3-4_lnx#00 I: 3 tests running: list_suite:8:(a .(b c)), list_suite:7:(a b . c), list_suite:5:(a         b #;#t c).
2019-12-22T15:58:34+00:00 se142row3-4_lnx#00 I: Still 2 tests running : list_suite:8:(a .(b c)), list_suite:5:(a         b #;#t c).
2019-12-22T15:58:34+00:00 se142row3-4_lnx#00 I: 2 tests running: list_suite:8:(a .(b c)), list_suite:5:(a         b #;#t c).
2019-12-22T15:58:34+00:00 se142row3-4_lnx#00 I: Still 1 tests running : list_suite:5:(a         b #;#t c).
2019-12-22T15:58:34+00:00 se142row3-4_lnx#00 I: 1 tests running: list_suite:5:(a         b #;#t c).
2019-12-22T15:58:34+00:00 se142row3-4_lnx#06 I: Test list_suite:5:(a         b #;#t c) is successful.
2019-12-22T15:58:34+00:00 se142row3-4_lnx#00 I: Still 1 tests running : list_suite:5:(a         b #;#t c).
2019-12-22T15:58:34+00:00 se142row3-4_lnx#00 I: 1 tests running: list_suite:5:(a         b #;#t c).
2019-12-22T15:58:34+00:00 se142row3-4_lnx#06 I: End test list_suite:5:(a         b #;#t c).
2019-12-22T15:58:34+00:00 se142row3-4_lnx#00 I: Still 1 tests running : list_suite:5:(a         b #;#t c).
2019-12-22T15:58:34+00:00 se142row3-4_lnx#00 I: 1 tests running: list_suite:5:(a         b #;#t c).
2019-12-22T15:58:34+00:00 se142row3-4_lnx#00 I: 0 tests running: .
2019-12-22T15:58:34+00:00 se142row3-4_lnx#00 I: Worker se142row3-4_lnx#05 has ended.
2019-12-22T15:58:34+00:00 se142row3-4_lnx#00 I: Worker se142row3-4_lnx#02 has ended.
2019-12-22T15:58:34+00:00 se142row3-4_lnx#00 I: Worker se142row3-4_lnx#03 has ended.
2019-12-22T15:58:34+00:00 se142row3-4_lnx#00 I: Worker se142row3-4_lnx#06 has ended.
2019-12-22T15:58:34+00:00 se142row3-4_lnx#00 I: 0 tests running: .
2019-12-22T15:58:34+00:00 se142row3-4_lnx#00 I: Worker se142row3-4_lnx#04 has ended.
2019-12-22T15:58:34+00:00 se142row3-4_lnx#00 I: Worker se142row3-4_lnx#01 has ended.
2019-12-22T15:58:34+00:00 se142row3-4_lnx#00 I: Used 6 worker during test execution.
2019-12-22T15:58:34+00:00 se142row3-4_lnx#00 I: Run 2 tests with shard se142row3-4_lnx#03.
2019-12-22T15:58:34+00:00 se142row3-4_lnx#00 I: Run 1 tests with shard se142row3-4_lnx#06.
2019-12-22T15:58:34+00:00 se142row3-4_lnx#00 I: Run 1 tests with shard se142row3-4_lnx#04.
2019-12-22T15:58:34+00:00 se142row3-4_lnx#00 I: Run 1 tests with shard se142row3-4_lnx#05.
2019-12-22T15:58:34+00:00 se142row3-4_lnx#00 I: Run 2 tests with shard se142row3-4_lnx#02.
2019-12-22T15:58:34+00:00 se142row3-4_lnx#00 I: Run 2 tests with shard se142row3-4_lnx#01.
2019-12-22T15:58:34+00:00 se142row3-4_lnx#00 I: ==============
2019-12-22T15:58:34+00:00 se142row3-4_lnx#00 I: Summary:
2019-12-22T15:58:34+00:00 se142row3-4_lnx#00 I: Test list_suite:5:(a         b #;#t c) is successful.
2019-12-22T15:58:34+00:00 se142row3-4_lnx#00 I: Test list_suite:8:(a .(b c)) is successful.
2019-12-22T15:58:34+00:00 se142row3-4_lnx#00 I: Test list_suite:7:(a b . c) is successful.
2019-12-22T15:58:34+00:00 se142row3-4_lnx#00 I: Test list_suite:6:(a         b #;#t .c) is successful.
2019-12-22T15:58:34+00:00 se142row3-4_lnx#00 I: Test list_suite:3:(#;#T   ;asjdfasdkjsadjhka
2019-12-22T15:58:34+00:00 se142row3-4_lnx#00 I: ) is successful.
2019-12-22T15:58:34+00:00 se142row3-4_lnx#00 I: Test list_suite:4:(a (b c)) is successful.
2019-12-22T15:58:34+00:00 se142row3-4_lnx#00 I: Test list_suite:0:(a b c) is successful.
2019-12-22T15:58:34+00:00 se142row3-4_lnx#00 I: Test list_suite:2:(   ) is successful.
2019-12-22T15:58:34+00:00 se142row3-4_lnx#00 I: Test list_suite:1:() is successful.
2019-12-22T15:58:34+00:00 se142row3-4_lnx#00 I: Ran: 9 tests in: 0.11 seconds.
2019-12-22T15:58:34+00:00 se142row3-4_lnx#00 I: Cases: 9.
2019-12-22T15:58:34+00:00 se142row3-4_lnx#00 I: Tried: 9.
2019-12-22T15:58:34+00:00 se142row3-4_lnx#00 I: Errors: 0.
2019-12-22T15:58:34+00:00 se142row3-4_lnx#00 I: Failures: 0.
2019-12-22T15:58:34+00:00 se142row3-4_lnx#00 I: Skip: 0.
2019-12-22T15:58:34+00:00 se142row3-4_lnx#00 I: Todo: 0.
2019-12-22T15:58:34+00:00 se142row3-4_lnx#00 I: Timeout: 0.
