2019-12-14T20:43:36+00:00 alon#03 I: Start test list_suite:2:(   ).
2019-12-14T20:43:36+00:00 alon#03 E: Test list_suite:2:(   ) exited with an error.
2019-12-14T20:43:36+00:00 alon#03 E: PC.X_no_match in test list_suite:2:(   ).
2019-12-14T20:43:36+00:00 alon#03 E: Raised at file "./pc.ml", line 75, characters 22-32
2019-12-14T20:43:36+00:00 alon#03 E: Called from file "./pc.ml", line 53, characters 16-23
2019-12-14T20:43:36+00:00 alon#03 E: Called from file "./pc.ml", line 57, characters 15-21
2019-12-14T20:43:36+00:00 alon#03 E: Called from file "./pc.ml", line 52, characters 16-23
2019-12-14T20:43:36+00:00 alon#03 E: Called from file "./pc.ml", line 57, characters 15-21
2019-12-14T20:43:36+00:00 alon#03 E: Called from file "./reader.ml", line 160, characters 15-19
2019-12-14T20:43:36+00:00 alon#03 E: Called from file "./pc.ml", line 52, characters 16-23
2019-12-14T20:43:36+00:00 alon#03 E: Called from file "./reader.ml", line 420, characters 31-57
2019-12-14T20:43:36+00:00 alon#03 E: Called from file "./test_reader.ml", line 106, characters 10-38
2019-12-14T20:43:36+00:00 alon#03 E: Called from file "src/oUnitRunner.ml", line 46, characters 13-26
2019-12-14T20:43:36+00:00 alon#03 E: 
2019-12-14T20:43:36+00:00 alon#03 I: End test list_suite:2:(   ).
2019-12-14T20:43:36+00:00 alon#03 I: Start test list_suite:4:(a (b c)).
2019-12-14T20:43:36+00:00 alon#03 I: Test list_suite:4:(a (b c)) is successful.
2019-12-14T20:43:36+00:00 alon#03 I: End test list_suite:4:(a (b c)).
2019-12-14T20:43:36+00:00 alon#03 I: Start test list_suite:8:(a .(b c)).
2019-12-14T20:43:36+00:00 alon#03 I: Test list_suite:8:(a .(b c)) is successful.
2019-12-14T20:43:36+00:00 alon#03 I: End test list_suite:8:(a .(b c)).
